Analysis & Synthesis report for bubbleSort
Fri Jul 25 21:41:25 2025
Quartus Prime Version 20.1.1 Build 720 11/11/2020 SJ Lite Edition


---------------------
; Table of Contents ;
---------------------
  1. Legal Notice
  2. Analysis & Synthesis Summary
  3. Analysis & Synthesis Settings
  4. Parallel Compilation
  5. Analysis & Synthesis Source Files Read
  6. Analysis & Synthesis Resource Usage Summary
  7. Analysis & Synthesis Resource Utilization by Entity
  8. Analysis & Synthesis RAM Summary
  9. General Register Statistics
 10. Inverted Register Statistics
 11. Registers Packed Into Inferred Megafunctions
 12. Source assignments for altshift_taps:stage[1][7][0]_rtl_0|shift_taps_tim:auto_generated|altsyncram_3va1:altsyncram2
 13. Source assignments for altshift_taps:stage[2][6][0]_rtl_0|shift_taps_sim:auto_generated|altsyncram_1va1:altsyncram2
 14. Source assignments for altshift_taps:stage[3][5][0]_rtl_0|shift_taps_rim:auto_generated|altsyncram_tua1:altsyncram2
 15. Source assignments for altshift_taps:stage[4][4][0]_rtl_0|shift_taps_qim:auto_generated|altsyncram_rua1:altsyncram2
 16. Source assignments for altshift_taps:stage[5][3][0]_rtl_0|shift_taps_pim:auto_generated|altsyncram_nua1:altsyncram2
 17. Parameter Settings for User Entity Instance: Top-level Entity: |bubbleSort
 18. Parameter Settings for Inferred Entity Instance: altshift_taps:stage[1][7][0]_rtl_0
 19. Parameter Settings for Inferred Entity Instance: altshift_taps:stage[2][6][0]_rtl_0
 20. Parameter Settings for Inferred Entity Instance: altshift_taps:stage[3][5][0]_rtl_0
 21. Parameter Settings for Inferred Entity Instance: altshift_taps:stage[4][4][0]_rtl_0
 22. Parameter Settings for Inferred Entity Instance: altshift_taps:stage[5][3][0]_rtl_0
 23. altshift_taps Parameter Settings by Entity Instance
 24. Post-Synthesis Netlist Statistics for Top Partition
 25. Elapsed Time Per Partition
 26. Analysis & Synthesis Messages



----------------
; Legal Notice ;
----------------
Copyright (C) 2020  Intel Corporation. All rights reserved.
Your use of Intel Corporation's design tools, logic functions 
and other software and tools, and any partner logic 
functions, and any output files from any of the foregoing 
(including device programming or simulation files), and any 
associated documentation or information are expressly subject 
to the terms and conditions of the Intel Program License 
Subscription Agreement, the Intel Quartus Prime License Agreement,
the Intel FPGA IP License Agreement, or other applicable license
agreement, including, without limitation, that your use is for
the sole purpose of programming logic devices manufactured by
Intel and sold by Intel or its authorized distributors.  Please
refer to the applicable agreement for further details, at
https://fpgasoftware.intel.com/eula.



+----------------------------------------------------------------------------------+
; Analysis & Synthesis Summary                                                     ;
+------------------------------------+---------------------------------------------+
; Analysis & Synthesis Status        ; Successful - Fri Jul 25 21:41:25 2025       ;
; Quartus Prime Version              ; 20.1.1 Build 720 11/11/2020 SJ Lite Edition ;
; Revision Name                      ; bubbleSort                                  ;
; Top-level Entity Name              ; bubbleSort                                  ;
; Family                             ; Cyclone 10 LP                               ;
; Total logic elements               ; 482                                         ;
;     Total combinational functions  ; 385                                         ;
;     Dedicated logic registers      ; 366                                         ;
; Total registers                    ; 366                                         ;
; Total pins                         ; 132                                         ;
; Total virtual pins                 ; 0                                           ;
; Total memory bits                  ; 160                                         ;
; Embedded Multiplier 9-bit elements ; 0                                           ;
; Total PLLs                         ; 0                                           ;
+------------------------------------+---------------------------------------------+


+------------------------------------------------------------------------------------------------------------+
; Analysis & Synthesis Settings                                                                              ;
+------------------------------------------------------------------+--------------------+--------------------+
; Option                                                           ; Setting            ; Default Value      ;
+------------------------------------------------------------------+--------------------+--------------------+
; Device                                                           ; 10CL120ZF780I8G    ;                    ;
; Top-level entity name                                            ; bubbleSort         ; bubbleSort         ;
; Family name                                                      ; Cyclone 10 LP      ; Cyclone V          ;
; Use smart compilation                                            ; Off                ; Off                ;
; Enable parallel Assembler and Timing Analyzer during compilation ; On                 ; On                 ;
; Enable compact report table                                      ; Off                ; Off                ;
; Restructure Multiplexers                                         ; Auto               ; Auto               ;
; Create Debugging Nodes for IP Cores                              ; Off                ; Off                ;
; Preserve fewer node names                                        ; On                 ; On                 ;
; Intel FPGA IP Evaluation Mode                                    ; Enable             ; Enable             ;
; Verilog Version                                                  ; Verilog_2001       ; Verilog_2001       ;
; VHDL Version                                                     ; VHDL_1993          ; VHDL_1993          ;
; State Machine Processing                                         ; Auto               ; Auto               ;
; Safe State Machine                                               ; Off                ; Off                ;
; Extract Verilog State Machines                                   ; On                 ; On                 ;
; Extract VHDL State Machines                                      ; On                 ; On                 ;
; Ignore Verilog initial constructs                                ; Off                ; Off                ;
; Iteration limit for constant Verilog loops                       ; 5000               ; 5000               ;
; Iteration limit for non-constant Verilog loops                   ; 250                ; 250                ;
; Add Pass-Through Logic to Inferred RAMs                          ; On                 ; On                 ;
; Infer RAMs from Raw Logic                                        ; On                 ; On                 ;
; Parallel Synthesis                                               ; On                 ; On                 ;
; DSP Block Balancing                                              ; Auto               ; Auto               ;
; NOT Gate Push-Back                                               ; On                 ; On                 ;
; Power-Up Don't Care                                              ; On                 ; On                 ;
; Remove Redundant Logic Cells                                     ; Off                ; Off                ;
; Remove Duplicate Registers                                       ; On                 ; On                 ;
; Ignore CARRY Buffers                                             ; Off                ; Off                ;
; Ignore CASCADE Buffers                                           ; Off                ; Off                ;
; Ignore GLOBAL Buffers                                            ; Off                ; Off                ;
; Ignore ROW GLOBAL Buffers                                        ; Off                ; Off                ;
; Ignore LCELL Buffers                                             ; Off                ; Off                ;
; Ignore SOFT Buffers                                              ; On                 ; On                 ;
; Limit AHDL Integers to 32 Bits                                   ; Off                ; Off                ;
; Optimization Technique                                           ; Balanced           ; Balanced           ;
; Carry Chain Length                                               ; 70                 ; 70                 ;
; Auto Carry Chains                                                ; On                 ; On                 ;
; Auto Open-Drain Pins                                             ; On                 ; On                 ;
; Perform WYSIWYG Primitive Resynthesis                            ; Off                ; Off                ;
; Auto ROM Replacement                                             ; On                 ; On                 ;
; Auto RAM Replacement                                             ; On                 ; On                 ;
; Auto DSP Block Replacement                                       ; On                 ; On                 ;
; Auto Shift Register Replacement                                  ; Auto               ; Auto               ;
; Allow Shift Register Merging across Hierarchies                  ; Auto               ; Auto               ;
; Auto Clock Enable Replacement                                    ; On                 ; On                 ;
; Strict RAM Replacement                                           ; Off                ; Off                ;
; Allow Synchronous Control Signals                                ; On                 ; On                 ;
; Force Use of Synchronous Clear Signals                           ; Off                ; Off                ;
; Auto RAM Block Balancing                                         ; On                 ; On                 ;
; Auto RAM to Logic Cell Conversion                                ; Off                ; Off                ;
; Auto Resource Sharing                                            ; Off                ; Off                ;
; Allow Any RAM Size For Recognition                               ; Off                ; Off                ;
; Allow Any ROM Size For Recognition                               ; Off                ; Off                ;
; Allow Any Shift Register Size For Recognition                    ; Off                ; Off                ;
; Use LogicLock Constraints during Resource Balancing              ; On                 ; On                 ;
; Ignore translate_off and synthesis_off directives                ; Off                ; Off                ;
; Timing-Driven Synthesis                                          ; On                 ; On                 ;
; Report Parameter Settings                                        ; On                 ; On                 ;
; Report Source Assignments                                        ; On                 ; On                 ;
; Report Connectivity Checks                                       ; On                 ; On                 ;
; Ignore Maximum Fan-Out Assignments                               ; Off                ; Off                ;
; Synchronization Register Chain Length                            ; 2                  ; 2                  ;
; Power Optimization During Synthesis                              ; Normal compilation ; Normal compilation ;
; HDL message level                                                ; Level2             ; Level2             ;
; Suppress Register Optimization Related Messages                  ; Off                ; Off                ;
; Number of Removed Registers Reported in Synthesis Report         ; 5000               ; 5000               ;
; Number of Swept Nodes Reported in Synthesis Report               ; 5000               ; 5000               ;
; Number of Inverted Registers Reported in Synthesis Report        ; 100                ; 100                ;
; Clock MUX Protection                                             ; On                 ; On                 ;
; Auto Gated Clock Conversion                                      ; Off                ; Off                ;
; Block Design Naming                                              ; Auto               ; Auto               ;
; SDC constraint protection                                        ; Off                ; Off                ;
; Synthesis Effort                                                 ; Auto               ; Auto               ;
; Shift Register Replacement - Allow Asynchronous Clear Signal     ; On                 ; On                 ;
; Pre-Mapping Resynthesis Optimization                             ; Off                ; Off                ;
; Analysis & Synthesis Message Level                               ; Medium             ; Medium             ;
; Disable Register Merging Across Hierarchies                      ; Auto               ; Auto               ;
; Resource Aware Inference For Block RAM                           ; On                 ; On                 ;
+------------------------------------------------------------------+--------------------+--------------------+


+------------------------------------------+
; Parallel Compilation                     ;
+----------------------------+-------------+
; Processors                 ; Number      ;
+----------------------------+-------------+
; Number detected on machine ; 8           ;
; Maximum allowed            ; 4           ;
;                            ;             ;
; Average used               ; 1.00        ;
; Maximum used               ; 4           ;
;                            ;             ;
; Usage by Processor         ; % Time Used ;
;     Processor 1            ; 100.0%      ;
;     Processor 2            ;   0.1%      ;
;     Processor 3            ;   0.1%      ;
;     Processor 4            ;   0.1%      ;
+----------------------------+-------------+


+--------------------------------------------------------------------------------------------------------------------------------------------------------------------------------+
; Analysis & Synthesis Source Files Read                                                                                                                                         ;
+----------------------------------+-----------------+------------------------------+----------------------------------------------------------------------------------+---------+
; File Name with User-Entered Path ; Used in Netlist ; File Type                    ; File Name with Absolute Path                                                     ; Library ;
+----------------------------------+-----------------+------------------------------+----------------------------------------------------------------------------------+---------+
; ../../02_rtl/bubbleSort.sv       ; yes             ; User SystemVerilog HDL File  ; C:/Document_forme/project_tiny/DO_TT/02_rtl/bubbleSort.sv                        ;         ;
; altshift_taps.tdf                ; yes             ; Megafunction                 ; c:/intelfpga_lite/20.1/quartus/libraries/megafunctions/altshift_taps.tdf         ;         ;
; altdpram.inc                     ; yes             ; Megafunction                 ; c:/intelfpga_lite/20.1/quartus/libraries/megafunctions/altdpram.inc              ;         ;
; lpm_counter.inc                  ; yes             ; Megafunction                 ; c:/intelfpga_lite/20.1/quartus/libraries/megafunctions/lpm_counter.inc           ;         ;
; lpm_compare.inc                  ; yes             ; Megafunction                 ; c:/intelfpga_lite/20.1/quartus/libraries/megafunctions/lpm_compare.inc           ;         ;
; lpm_constant.inc                 ; yes             ; Megafunction                 ; c:/intelfpga_lite/20.1/quartus/libraries/megafunctions/lpm_constant.inc          ;         ;
; db/shift_taps_tim.tdf            ; yes             ; Auto-Generated Megafunction  ; C:/Document_forme/project_tiny/DO_TT/04_imple/bubble_Sort/db/shift_taps_tim.tdf  ;         ;
; db/altsyncram_3va1.tdf           ; yes             ; Auto-Generated Megafunction  ; C:/Document_forme/project_tiny/DO_TT/04_imple/bubble_Sort/db/altsyncram_3va1.tdf ;         ;
; db/cntr_3pf.tdf                  ; yes             ; Auto-Generated Megafunction  ; C:/Document_forme/project_tiny/DO_TT/04_imple/bubble_Sort/db/cntr_3pf.tdf        ;         ;
; db/cmpr_igc.tdf                  ; yes             ; Auto-Generated Megafunction  ; C:/Document_forme/project_tiny/DO_TT/04_imple/bubble_Sort/db/cmpr_igc.tdf        ;         ;
; db/cntr_p8h.tdf                  ; yes             ; Auto-Generated Megafunction  ; C:/Document_forme/project_tiny/DO_TT/04_imple/bubble_Sort/db/cntr_p8h.tdf        ;         ;
; db/shift_taps_sim.tdf            ; yes             ; Auto-Generated Megafunction  ; C:/Document_forme/project_tiny/DO_TT/04_imple/bubble_Sort/db/shift_taps_sim.tdf  ;         ;
; db/altsyncram_1va1.tdf           ; yes             ; Auto-Generated Megafunction  ; C:/Document_forme/project_tiny/DO_TT/04_imple/bubble_Sort/db/altsyncram_1va1.tdf ;         ;
; db/cntr_2pf.tdf                  ; yes             ; Auto-Generated Megafunction  ; C:/Document_forme/project_tiny/DO_TT/04_imple/bubble_Sort/db/cntr_2pf.tdf        ;         ;
; db/cntr_o8h.tdf                  ; yes             ; Auto-Generated Megafunction  ; C:/Document_forme/project_tiny/DO_TT/04_imple/bubble_Sort/db/cntr_o8h.tdf        ;         ;
; db/shift_taps_rim.tdf            ; yes             ; Auto-Generated Megafunction  ; C:/Document_forme/project_tiny/DO_TT/04_imple/bubble_Sort/db/shift_taps_rim.tdf  ;         ;
; db/altsyncram_tua1.tdf           ; yes             ; Auto-Generated Megafunction  ; C:/Document_forme/project_tiny/DO_TT/04_imple/bubble_Sort/db/altsyncram_tua1.tdf ;         ;
; db/cntr_0pf.tdf                  ; yes             ; Auto-Generated Megafunction  ; C:/Document_forme/project_tiny/DO_TT/04_imple/bubble_Sort/db/cntr_0pf.tdf        ;         ;
; db/cntr_n8h.tdf                  ; yes             ; Auto-Generated Megafunction  ; C:/Document_forme/project_tiny/DO_TT/04_imple/bubble_Sort/db/cntr_n8h.tdf        ;         ;
; db/shift_taps_qim.tdf            ; yes             ; Auto-Generated Megafunction  ; C:/Document_forme/project_tiny/DO_TT/04_imple/bubble_Sort/db/shift_taps_qim.tdf  ;         ;
; db/altsyncram_rua1.tdf           ; yes             ; Auto-Generated Megafunction  ; C:/Document_forme/project_tiny/DO_TT/04_imple/bubble_Sort/db/altsyncram_rua1.tdf ;         ;
; db/cntr_vof.tdf                  ; yes             ; Auto-Generated Megafunction  ; C:/Document_forme/project_tiny/DO_TT/04_imple/bubble_Sort/db/cntr_vof.tdf        ;         ;
; db/cmpr_hgc.tdf                  ; yes             ; Auto-Generated Megafunction  ; C:/Document_forme/project_tiny/DO_TT/04_imple/bubble_Sort/db/cmpr_hgc.tdf        ;         ;
; db/cntr_l8h.tdf                  ; yes             ; Auto-Generated Megafunction  ; C:/Document_forme/project_tiny/DO_TT/04_imple/bubble_Sort/db/cntr_l8h.tdf        ;         ;
; db/shift_taps_pim.tdf            ; yes             ; Auto-Generated Megafunction  ; C:/Document_forme/project_tiny/DO_TT/04_imple/bubble_Sort/db/shift_taps_pim.tdf  ;         ;
; db/altsyncram_nua1.tdf           ; yes             ; Auto-Generated Megafunction  ; C:/Document_forme/project_tiny/DO_TT/04_imple/bubble_Sort/db/altsyncram_nua1.tdf ;         ;
; db/cntr_tof.tdf                  ; yes             ; Auto-Generated Megafunction  ; C:/Document_forme/project_tiny/DO_TT/04_imple/bubble_Sort/db/cntr_tof.tdf        ;         ;
; db/cntr_k8h.tdf                  ; yes             ; Auto-Generated Megafunction  ; C:/Document_forme/project_tiny/DO_TT/04_imple/bubble_Sort/db/cntr_k8h.tdf        ;         ;
+----------------------------------+-----------------+------------------------------+----------------------------------------------------------------------------------+---------+


+-----------------------------------------------------------+
; Analysis & Synthesis Resource Usage Summary               ;
+---------------------------------------------+-------------+
; Resource                                    ; Usage       ;
+---------------------------------------------+-------------+
; Estimated Total logic elements              ; 482         ;
;                                             ;             ;
; Total combinational functions               ; 385         ;
; Logic element usage by number of LUT inputs ;             ;
;     -- 4 input functions                    ; 4           ;
;     -- 3 input functions                    ; 315         ;
;     -- <=2 input functions                  ; 66          ;
;                                             ;             ;
; Logic elements by mode                      ;             ;
;     -- normal mode                          ; 144         ;
;     -- arithmetic mode                      ; 241         ;
;                                             ;             ;
; Total registers                             ; 366         ;
;     -- Dedicated logic registers            ; 366         ;
;     -- I/O registers                        ; 0           ;
;                                             ;             ;
; I/O pins                                    ; 132         ;
; Total memory bits                           ; 160         ;
;                                             ;             ;
; Embedded Multiplier 9-bit elements          ; 0           ;
;                                             ;             ;
; Maximum fan-out node                        ; i_clk~input ;
; Maximum fan-out                             ; 406         ;
; Total fan-out                               ; 2965        ;
; Average fan-out                             ; 2.81        ;
+---------------------------------------------+-------------+


+----------------------------------------------------------------------------------------------------------------------------------------------------------------------------------------------------------------------------------------------------------------------------------------------------------------+
; Analysis & Synthesis Resource Utilization by Entity                                                                                                                                                                                                                                                            ;
+-----------------------------------------+---------------------+---------------------------+-------------+--------------+---------+-----------+------+--------------+----------------------------------------------------------------------------------------------------------+-----------------+--------------+
; Compilation Hierarchy Node              ; Combinational ALUTs ; Dedicated Logic Registers ; Memory Bits ; DSP Elements ; DSP 9x9 ; DSP 18x18 ; Pins ; Virtual Pins ; Full Hierarchy Name                                                                                      ; Entity Name     ; Library Name ;
+-----------------------------------------+---------------------+---------------------------+-------------+--------------+---------+-----------+------+--------------+----------------------------------------------------------------------------------------------------------+-----------------+--------------+
; |bubbleSort                             ; 385 (343)           ; 366 (337)                 ; 160         ; 0            ; 0       ; 0         ; 132  ; 0            ; |bubbleSort                                                                                              ; bubbleSort      ; work         ;
;    |altshift_taps:stage[1][7][0]_rtl_0| ; 12 (0)              ; 7 (0)                     ; 48          ; 0            ; 0       ; 0         ; 0    ; 0            ; |bubbleSort|altshift_taps:stage[1][7][0]_rtl_0                                                           ; altshift_taps   ; work         ;
;       |shift_taps_tim:auto_generated|   ; 12 (0)              ; 7 (1)                     ; 48          ; 0            ; 0       ; 0         ; 0    ; 0            ; |bubbleSort|altshift_taps:stage[1][7][0]_rtl_0|shift_taps_tim:auto_generated                             ; shift_taps_tim  ; work         ;
;          |altsyncram_3va1:altsyncram2|  ; 0 (0)               ; 0 (0)                     ; 48          ; 0            ; 0       ; 0         ; 0    ; 0            ; |bubbleSort|altshift_taps:stage[1][7][0]_rtl_0|shift_taps_tim:auto_generated|altsyncram_3va1:altsyncram2 ; altsyncram_3va1 ; work         ;
;          |cntr_3pf:cntr1|               ; 8 (8)               ; 3 (3)                     ; 0           ; 0            ; 0       ; 0         ; 0    ; 0            ; |bubbleSort|altshift_taps:stage[1][7][0]_rtl_0|shift_taps_tim:auto_generated|cntr_3pf:cntr1              ; cntr_3pf        ; work         ;
;          |cntr_p8h:cntr3|               ; 4 (4)               ; 3 (3)                     ; 0           ; 0            ; 0       ; 0         ; 0    ; 0            ; |bubbleSort|altshift_taps:stage[1][7][0]_rtl_0|shift_taps_tim:auto_generated|cntr_p8h:cntr3              ; cntr_p8h        ; work         ;
;    |altshift_taps:stage[2][6][0]_rtl_0| ; 12 (0)              ; 7 (0)                     ; 40          ; 0            ; 0       ; 0         ; 0    ; 0            ; |bubbleSort|altshift_taps:stage[2][6][0]_rtl_0                                                           ; altshift_taps   ; work         ;
;       |shift_taps_sim:auto_generated|   ; 12 (0)              ; 7 (1)                     ; 40          ; 0            ; 0       ; 0         ; 0    ; 0            ; |bubbleSort|altshift_taps:stage[2][6][0]_rtl_0|shift_taps_sim:auto_generated                             ; shift_taps_sim  ; work         ;
;          |altsyncram_1va1:altsyncram2|  ; 0 (0)               ; 0 (0)                     ; 40          ; 0            ; 0       ; 0         ; 0    ; 0            ; |bubbleSort|altshift_taps:stage[2][6][0]_rtl_0|shift_taps_sim:auto_generated|altsyncram_1va1:altsyncram2 ; altsyncram_1va1 ; work         ;
;          |cntr_2pf:cntr1|               ; 8 (8)               ; 3 (3)                     ; 0           ; 0            ; 0       ; 0         ; 0    ; 0            ; |bubbleSort|altshift_taps:stage[2][6][0]_rtl_0|shift_taps_sim:auto_generated|cntr_2pf:cntr1              ; cntr_2pf        ; work         ;
;          |cntr_o8h:cntr3|               ; 4 (4)               ; 3 (3)                     ; 0           ; 0            ; 0       ; 0         ; 0    ; 0            ; |bubbleSort|altshift_taps:stage[2][6][0]_rtl_0|shift_taps_sim:auto_generated|cntr_o8h:cntr3              ; cntr_o8h        ; work         ;
;    |altshift_taps:stage[3][5][0]_rtl_0| ; 6 (0)               ; 6 (0)                     ; 32          ; 0            ; 0       ; 0         ; 0    ; 0            ; |bubbleSort|altshift_taps:stage[3][5][0]_rtl_0                                                           ; altshift_taps   ; work         ;
;       |shift_taps_rim:auto_generated|   ; 6 (0)               ; 6 (1)                     ; 32          ; 0            ; 0       ; 0         ; 0    ; 0            ; |bubbleSort|altshift_taps:stage[3][5][0]_rtl_0|shift_taps_rim:auto_generated                             ; shift_taps_rim  ; work         ;
;          |altsyncram_tua1:altsyncram2|  ; 0 (0)               ; 0 (0)                     ; 32          ; 0            ; 0       ; 0         ; 0    ; 0            ; |bubbleSort|altshift_taps:stage[3][5][0]_rtl_0|shift_taps_rim:auto_generated|altsyncram_tua1:altsyncram2 ; altsyncram_tua1 ; work         ;
;          |cntr_0pf:cntr1|               ; 2 (2)               ; 2 (2)                     ; 0           ; 0            ; 0       ; 0         ; 0    ; 0            ; |bubbleSort|altshift_taps:stage[3][5][0]_rtl_0|shift_taps_rim:auto_generated|cntr_0pf:cntr1              ; cntr_0pf        ; work         ;
;          |cntr_n8h:cntr3|               ; 4 (4)               ; 3 (3)                     ; 0           ; 0            ; 0       ; 0         ; 0    ; 0            ; |bubbleSort|altshift_taps:stage[3][5][0]_rtl_0|shift_taps_rim:auto_generated|cntr_n8h:cntr3              ; cntr_n8h        ; work         ;
;    |altshift_taps:stage[4][4][0]_rtl_0| ; 8 (0)               ; 5 (0)                     ; 24          ; 0            ; 0       ; 0         ; 0    ; 0            ; |bubbleSort|altshift_taps:stage[4][4][0]_rtl_0                                                           ; altshift_taps   ; work         ;
;       |shift_taps_qim:auto_generated|   ; 8 (0)               ; 5 (1)                     ; 24          ; 0            ; 0       ; 0         ; 0    ; 0            ; |bubbleSort|altshift_taps:stage[4][4][0]_rtl_0|shift_taps_qim:auto_generated                             ; shift_taps_qim  ; work         ;
;          |altsyncram_rua1:altsyncram2|  ; 0 (0)               ; 0 (0)                     ; 24          ; 0            ; 0       ; 0         ; 0    ; 0            ; |bubbleSort|altshift_taps:stage[4][4][0]_rtl_0|shift_taps_qim:auto_generated|altsyncram_rua1:altsyncram2 ; altsyncram_rua1 ; work         ;
;          |cntr_l8h:cntr3|               ; 3 (3)               ; 2 (2)                     ; 0           ; 0            ; 0       ; 0         ; 0    ; 0            ; |bubbleSort|altshift_taps:stage[4][4][0]_rtl_0|shift_taps_qim:auto_generated|cntr_l8h:cntr3              ; cntr_l8h        ; work         ;
;          |cntr_vof:cntr1|               ; 5 (5)               ; 2 (2)                     ; 0           ; 0            ; 0       ; 0         ; 0    ; 0            ; |bubbleSort|altshift_taps:stage[4][4][0]_rtl_0|shift_taps_qim:auto_generated|cntr_vof:cntr1              ; cntr_vof        ; work         ;
;    |altshift_taps:stage[5][3][0]_rtl_0| ; 4 (0)               ; 4 (0)                     ; 16          ; 0            ; 0       ; 0         ; 0    ; 0            ; |bubbleSort|altshift_taps:stage[5][3][0]_rtl_0                                                           ; altshift_taps   ; work         ;
;       |shift_taps_pim:auto_generated|   ; 4 (0)               ; 4 (1)                     ; 16          ; 0            ; 0       ; 0         ; 0    ; 0            ; |bubbleSort|altshift_taps:stage[5][3][0]_rtl_0|shift_taps_pim:auto_generated                             ; shift_taps_pim  ; work         ;
;          |altsyncram_nua1:altsyncram2|  ; 0 (0)               ; 0 (0)                     ; 16          ; 0            ; 0       ; 0         ; 0    ; 0            ; |bubbleSort|altshift_taps:stage[5][3][0]_rtl_0|shift_taps_pim:auto_generated|altsyncram_nua1:altsyncram2 ; altsyncram_nua1 ; work         ;
;          |cntr_k8h:cntr3|               ; 3 (3)               ; 2 (2)                     ; 0           ; 0            ; 0       ; 0         ; 0    ; 0            ; |bubbleSort|altshift_taps:stage[5][3][0]_rtl_0|shift_taps_pim:auto_generated|cntr_k8h:cntr3              ; cntr_k8h        ; work         ;
;          |cntr_tof:cntr1|               ; 1 (1)               ; 1 (1)                     ; 0           ; 0            ; 0       ; 0         ; 0    ; 0            ; |bubbleSort|altshift_taps:stage[5][3][0]_rtl_0|shift_taps_pim:auto_generated|cntr_tof:cntr1              ; cntr_tof        ; work         ;
+-----------------------------------------+---------------------+---------------------------+-------------+--------------+---------+-----------+------+--------------+----------------------------------------------------------------------------------------------------------+-----------------+--------------+
Note: For table entries with two numbers listed, the numbers in parentheses indicate the number of resources of the given type used by the specific entity alone. The numbers listed outside of parentheses indicate the total resources of the given type used by the specific entity and all of its sub-entities in the hierarchy.


+-------------------------------------------------------------------------------------------------------------------------------------------------------------------------------------------------------------+
; Analysis & Synthesis RAM Summary                                                                                                                                                                            ;
+---------------------------------------------------------------------------------------------------------+------+------------------+--------------+--------------+--------------+--------------+------+------+
; Name                                                                                                    ; Type ; Mode             ; Port A Depth ; Port A Width ; Port B Depth ; Port B Width ; Size ; MIF  ;
+---------------------------------------------------------------------------------------------------------+------+------------------+--------------+--------------+--------------+--------------+------+------+
; altshift_taps:stage[1][7][0]_rtl_0|shift_taps_tim:auto_generated|altsyncram_3va1:altsyncram2|ALTSYNCRAM ; AUTO ; Simple Dual Port ; 6            ; 8            ; 6            ; 8            ; 48   ; None ;
; altshift_taps:stage[2][6][0]_rtl_0|shift_taps_sim:auto_generated|altsyncram_1va1:altsyncram2|ALTSYNCRAM ; AUTO ; Simple Dual Port ; 5            ; 8            ; 5            ; 8            ; 40   ; None ;
; altshift_taps:stage[3][5][0]_rtl_0|shift_taps_rim:auto_generated|altsyncram_tua1:altsyncram2|ALTSYNCRAM ; AUTO ; Simple Dual Port ; 4            ; 8            ; 4            ; 8            ; 32   ; None ;
; altshift_taps:stage[4][4][0]_rtl_0|shift_taps_qim:auto_generated|altsyncram_rua1:altsyncram2|ALTSYNCRAM ; AUTO ; Simple Dual Port ; 3            ; 8            ; 3            ; 8            ; 24   ; None ;
; altshift_taps:stage[5][3][0]_rtl_0|shift_taps_pim:auto_generated|altsyncram_nua1:altsyncram2|ALTSYNCRAM ; AUTO ; Simple Dual Port ; 2            ; 8            ; 2            ; 8            ; 16   ; None ;
+---------------------------------------------------------------------------------------------------------+------+------------------+--------------+--------------+--------------+--------------+------+------+


+------------------------------------------------------+
; General Register Statistics                          ;
+----------------------------------------------+-------+
; Statistic                                    ; Value ;
+----------------------------------------------+-------+
; Total registers                              ; 366   ;
; Number of registers using Synchronous Clear  ; 0     ;
; Number of registers using Synchronous Load   ; 184   ;
; Number of registers using Asynchronous Clear ; 355   ;
; Number of registers using Asynchronous Load  ; 0     ;
; Number of registers using Clock Enable       ; 77    ;
; Number of registers using Preset             ; 0     ;
+----------------------------------------------+-------+


+----------------------------------------------------------------------------------+
; Inverted Register Statistics                                                     ;
+------------------------------------------------------------------------+---------+
; Inverted Register                                                      ; Fan out ;
+------------------------------------------------------------------------+---------+
; altshift_taps:stage[5][3][0]_rtl_0|shift_taps_pim:auto_generated|dffe4 ; 8       ;
; altshift_taps:stage[4][4][0]_rtl_0|shift_taps_qim:auto_generated|dffe4 ; 8       ;
; altshift_taps:stage[3][5][0]_rtl_0|shift_taps_rim:auto_generated|dffe4 ; 8       ;
; altshift_taps:stage[2][6][0]_rtl_0|shift_taps_sim:auto_generated|dffe4 ; 8       ;
; altshift_taps:stage[1][7][0]_rtl_0|shift_taps_tim:auto_generated|dffe4 ; 8       ;
; Total number of inverted registers = 5                                 ;         ;
+------------------------------------------------------------------------+---------+


+-------------------------------------------------------+
; Registers Packed Into Inferred Megafunctions          ;
+-------------------+----------------------+------------+
; Register Name     ; Megafunction         ; Type       ;
+-------------------+----------------------+------------+
; o_data[7][0]~reg0 ; stage[1][7][0]_rtl_0 ; SHIFT_TAPS ;
; stage[7][7][0]    ; stage[1][7][0]_rtl_0 ; SHIFT_TAPS ;
; stage[6][7][0]    ; stage[1][7][0]_rtl_0 ; SHIFT_TAPS ;
; stage[5][7][0]    ; stage[1][7][0]_rtl_0 ; SHIFT_TAPS ;
; stage[4][7][0]    ; stage[1][7][0]_rtl_0 ; SHIFT_TAPS ;
; stage[3][7][0]    ; stage[1][7][0]_rtl_0 ; SHIFT_TAPS ;
; stage[2][7][0]    ; stage[1][7][0]_rtl_0 ; SHIFT_TAPS ;
; stage[1][7][0]    ; stage[1][7][0]_rtl_0 ; SHIFT_TAPS ;
; o_data[7][1]~reg0 ; stage[1][7][0]_rtl_0 ; SHIFT_TAPS ;
; stage[7][7][1]    ; stage[1][7][0]_rtl_0 ; SHIFT_TAPS ;
; stage[6][7][1]    ; stage[1][7][0]_rtl_0 ; SHIFT_TAPS ;
; stage[5][7][1]    ; stage[1][7][0]_rtl_0 ; SHIFT_TAPS ;
; stage[4][7][1]    ; stage[1][7][0]_rtl_0 ; SHIFT_TAPS ;
; stage[3][7][1]    ; stage[1][7][0]_rtl_0 ; SHIFT_TAPS ;
; stage[2][7][1]    ; stage[1][7][0]_rtl_0 ; SHIFT_TAPS ;
; stage[1][7][1]    ; stage[1][7][0]_rtl_0 ; SHIFT_TAPS ;
; o_data[7][2]~reg0 ; stage[1][7][0]_rtl_0 ; SHIFT_TAPS ;
; stage[7][7][2]    ; stage[1][7][0]_rtl_0 ; SHIFT_TAPS ;
; stage[6][7][2]    ; stage[1][7][0]_rtl_0 ; SHIFT_TAPS ;
; stage[5][7][2]    ; stage[1][7][0]_rtl_0 ; SHIFT_TAPS ;
; stage[4][7][2]    ; stage[1][7][0]_rtl_0 ; SHIFT_TAPS ;
; stage[3][7][2]    ; stage[1][7][0]_rtl_0 ; SHIFT_TAPS ;
; stage[2][7][2]    ; stage[1][7][0]_rtl_0 ; SHIFT_TAPS ;
; stage[1][7][2]    ; stage[1][7][0]_rtl_0 ; SHIFT_TAPS ;
; o_data[7][3]~reg0 ; stage[1][7][0]_rtl_0 ; SHIFT_TAPS ;
; stage[7][7][3]    ; stage[1][7][0]_rtl_0 ; SHIFT_TAPS ;
; stage[6][7][3]    ; stage[1][7][0]_rtl_0 ; SHIFT_TAPS ;
; stage[5][7][3]    ; stage[1][7][0]_rtl_0 ; SHIFT_TAPS ;
; stage[4][7][3]    ; stage[1][7][0]_rtl_0 ; SHIFT_TAPS ;
; stage[3][7][3]    ; stage[1][7][0]_rtl_0 ; SHIFT_TAPS ;
; stage[2][7][3]    ; stage[1][7][0]_rtl_0 ; SHIFT_TAPS ;
; stage[1][7][3]    ; stage[1][7][0]_rtl_0 ; SHIFT_TAPS ;
; o_data[7][4]~reg0 ; stage[1][7][0]_rtl_0 ; SHIFT_TAPS ;
; stage[7][7][4]    ; stage[1][7][0]_rtl_0 ; SHIFT_TAPS ;
; stage[6][7][4]    ; stage[1][7][0]_rtl_0 ; SHIFT_TAPS ;
; stage[5][7][4]    ; stage[1][7][0]_rtl_0 ; SHIFT_TAPS ;
; stage[4][7][4]    ; stage[1][7][0]_rtl_0 ; SHIFT_TAPS ;
; stage[3][7][4]    ; stage[1][7][0]_rtl_0 ; SHIFT_TAPS ;
; stage[2][7][4]    ; stage[1][7][0]_rtl_0 ; SHIFT_TAPS ;
; stage[1][7][4]    ; stage[1][7][0]_rtl_0 ; SHIFT_TAPS ;
; o_data[7][5]~reg0 ; stage[1][7][0]_rtl_0 ; SHIFT_TAPS ;
; stage[7][7][5]    ; stage[1][7][0]_rtl_0 ; SHIFT_TAPS ;
; stage[6][7][5]    ; stage[1][7][0]_rtl_0 ; SHIFT_TAPS ;
; stage[5][7][5]    ; stage[1][7][0]_rtl_0 ; SHIFT_TAPS ;
; stage[4][7][5]    ; stage[1][7][0]_rtl_0 ; SHIFT_TAPS ;
; stage[3][7][5]    ; stage[1][7][0]_rtl_0 ; SHIFT_TAPS ;
; stage[2][7][5]    ; stage[1][7][0]_rtl_0 ; SHIFT_TAPS ;
; stage[1][7][5]    ; stage[1][7][0]_rtl_0 ; SHIFT_TAPS ;
; o_data[7][6]~reg0 ; stage[1][7][0]_rtl_0 ; SHIFT_TAPS ;
; stage[7][7][6]    ; stage[1][7][0]_rtl_0 ; SHIFT_TAPS ;
; stage[6][7][6]    ; stage[1][7][0]_rtl_0 ; SHIFT_TAPS ;
; stage[5][7][6]    ; stage[1][7][0]_rtl_0 ; SHIFT_TAPS ;
; stage[4][7][6]    ; stage[1][7][0]_rtl_0 ; SHIFT_TAPS ;
; stage[3][7][6]    ; stage[1][7][0]_rtl_0 ; SHIFT_TAPS ;
; stage[2][7][6]    ; stage[1][7][0]_rtl_0 ; SHIFT_TAPS ;
; stage[1][7][6]    ; stage[1][7][0]_rtl_0 ; SHIFT_TAPS ;
; o_data[7][7]~reg0 ; stage[1][7][0]_rtl_0 ; SHIFT_TAPS ;
; stage[7][7][7]    ; stage[1][7][0]_rtl_0 ; SHIFT_TAPS ;
; stage[6][7][7]    ; stage[1][7][0]_rtl_0 ; SHIFT_TAPS ;
; stage[5][7][7]    ; stage[1][7][0]_rtl_0 ; SHIFT_TAPS ;
; stage[4][7][7]    ; stage[1][7][0]_rtl_0 ; SHIFT_TAPS ;
; stage[3][7][7]    ; stage[1][7][0]_rtl_0 ; SHIFT_TAPS ;
; stage[2][7][7]    ; stage[1][7][0]_rtl_0 ; SHIFT_TAPS ;
; stage[1][7][7]    ; stage[1][7][0]_rtl_0 ; SHIFT_TAPS ;
; o_data[6][0]~reg0 ; stage[2][6][0]_rtl_0 ; SHIFT_TAPS ;
; stage[7][6][0]    ; stage[2][6][0]_rtl_0 ; SHIFT_TAPS ;
; stage[6][6][0]    ; stage[2][6][0]_rtl_0 ; SHIFT_TAPS ;
; stage[5][6][0]    ; stage[2][6][0]_rtl_0 ; SHIFT_TAPS ;
; stage[4][6][0]    ; stage[2][6][0]_rtl_0 ; SHIFT_TAPS ;
; stage[3][6][0]    ; stage[2][6][0]_rtl_0 ; SHIFT_TAPS ;
; stage[2][6][0]    ; stage[2][6][0]_rtl_0 ; SHIFT_TAPS ;
; o_data[6][1]~reg0 ; stage[2][6][0]_rtl_0 ; SHIFT_TAPS ;
; stage[7][6][1]    ; stage[2][6][0]_rtl_0 ; SHIFT_TAPS ;
; stage[6][6][1]    ; stage[2][6][0]_rtl_0 ; SHIFT_TAPS ;
; stage[5][6][1]    ; stage[2][6][0]_rtl_0 ; SHIFT_TAPS ;
; stage[4][6][1]    ; stage[2][6][0]_rtl_0 ; SHIFT_TAPS ;
; stage[3][6][1]    ; stage[2][6][0]_rtl_0 ; SHIFT_TAPS ;
; stage[2][6][1]    ; stage[2][6][0]_rtl_0 ; SHIFT_TAPS ;
; o_data[6][2]~reg0 ; stage[2][6][0]_rtl_0 ; SHIFT_TAPS ;
; stage[7][6][2]    ; stage[2][6][0]_rtl_0 ; SHIFT_TAPS ;
; stage[6][6][2]    ; stage[2][6][0]_rtl_0 ; SHIFT_TAPS ;
; stage[5][6][2]    ; stage[2][6][0]_rtl_0 ; SHIFT_TAPS ;
; stage[4][6][2]    ; stage[2][6][0]_rtl_0 ; SHIFT_TAPS ;
; stage[3][6][2]    ; stage[2][6][0]_rtl_0 ; SHIFT_TAPS ;
; stage[2][6][2]    ; stage[2][6][0]_rtl_0 ; SHIFT_TAPS ;
; o_data[6][3]~reg0 ; stage[2][6][0]_rtl_0 ; SHIFT_TAPS ;
; stage[7][6][3]    ; stage[2][6][0]_rtl_0 ; SHIFT_TAPS ;
; stage[6][6][3]    ; stage[2][6][0]_rtl_0 ; SHIFT_TAPS ;
; stage[5][6][3]    ; stage[2][6][0]_rtl_0 ; SHIFT_TAPS ;
; stage[4][6][3]    ; stage[2][6][0]_rtl_0 ; SHIFT_TAPS ;
; stage[3][6][3]    ; stage[2][6][0]_rtl_0 ; SHIFT_TAPS ;
; stage[2][6][3]    ; stage[2][6][0]_rtl_0 ; SHIFT_TAPS ;
; o_data[6][4]~reg0 ; stage[2][6][0]_rtl_0 ; SHIFT_TAPS ;
; stage[7][6][4]    ; stage[2][6][0]_rtl_0 ; SHIFT_TAPS ;
; stage[6][6][4]    ; stage[2][6][0]_rtl_0 ; SHIFT_TAPS ;
; stage[5][6][4]    ; stage[2][6][0]_rtl_0 ; SHIFT_TAPS ;
; stage[4][6][4]    ; stage[2][6][0]_rtl_0 ; SHIFT_TAPS ;
; stage[3][6][4]    ; stage[2][6][0]_rtl_0 ; SHIFT_TAPS ;
; stage[2][6][4]    ; stage[2][6][0]_rtl_0 ; SHIFT_TAPS ;
; o_data[6][5]~reg0 ; stage[2][6][0]_rtl_0 ; SHIFT_TAPS ;
; stage[7][6][5]    ; stage[2][6][0]_rtl_0 ; SHIFT_TAPS ;
; stage[6][6][5]    ; stage[2][6][0]_rtl_0 ; SHIFT_TAPS ;
; stage[5][6][5]    ; stage[2][6][0]_rtl_0 ; SHIFT_TAPS ;
; stage[4][6][5]    ; stage[2][6][0]_rtl_0 ; SHIFT_TAPS ;
; stage[3][6][5]    ; stage[2][6][0]_rtl_0 ; SHIFT_TAPS ;
; stage[2][6][5]    ; stage[2][6][0]_rtl_0 ; SHIFT_TAPS ;
; o_data[6][6]~reg0 ; stage[2][6][0]_rtl_0 ; SHIFT_TAPS ;
; stage[7][6][6]    ; stage[2][6][0]_rtl_0 ; SHIFT_TAPS ;
; stage[6][6][6]    ; stage[2][6][0]_rtl_0 ; SHIFT_TAPS ;
; stage[5][6][6]    ; stage[2][6][0]_rtl_0 ; SHIFT_TAPS ;
; stage[4][6][6]    ; stage[2][6][0]_rtl_0 ; SHIFT_TAPS ;
; stage[3][6][6]    ; stage[2][6][0]_rtl_0 ; SHIFT_TAPS ;
; stage[2][6][6]    ; stage[2][6][0]_rtl_0 ; SHIFT_TAPS ;
; o_data[6][7]~reg0 ; stage[2][6][0]_rtl_0 ; SHIFT_TAPS ;
; stage[7][6][7]    ; stage[2][6][0]_rtl_0 ; SHIFT_TAPS ;
; stage[6][6][7]    ; stage[2][6][0]_rtl_0 ; SHIFT_TAPS ;
; stage[5][6][7]    ; stage[2][6][0]_rtl_0 ; SHIFT_TAPS ;
; stage[4][6][7]    ; stage[2][6][0]_rtl_0 ; SHIFT_TAPS ;
; stage[3][6][7]    ; stage[2][6][0]_rtl_0 ; SHIFT_TAPS ;
; stage[2][6][7]    ; stage[2][6][0]_rtl_0 ; SHIFT_TAPS ;
; o_data[5][0]~reg0 ; stage[3][5][0]_rtl_0 ; SHIFT_TAPS ;
; stage[7][5][0]    ; stage[3][5][0]_rtl_0 ; SHIFT_TAPS ;
; stage[6][5][0]    ; stage[3][5][0]_rtl_0 ; SHIFT_TAPS ;
; stage[5][5][0]    ; stage[3][5][0]_rtl_0 ; SHIFT_TAPS ;
; stage[4][5][0]    ; stage[3][5][0]_rtl_0 ; SHIFT_TAPS ;
; stage[3][5][0]    ; stage[3][5][0]_rtl_0 ; SHIFT_TAPS ;
; o_data[5][1]~reg0 ; stage[3][5][0]_rtl_0 ; SHIFT_TAPS ;
; stage[7][5][1]    ; stage[3][5][0]_rtl_0 ; SHIFT_TAPS ;
; stage[6][5][1]    ; stage[3][5][0]_rtl_0 ; SHIFT_TAPS ;
; stage[5][5][1]    ; stage[3][5][0]_rtl_0 ; SHIFT_TAPS ;
; stage[4][5][1]    ; stage[3][5][0]_rtl_0 ; SHIFT_TAPS ;
; stage[3][5][1]    ; stage[3][5][0]_rtl_0 ; SHIFT_TAPS ;
; o_data[5][2]~reg0 ; stage[3][5][0]_rtl_0 ; SHIFT_TAPS ;
; stage[7][5][2]    ; stage[3][5][0]_rtl_0 ; SHIFT_TAPS ;
; stage[6][5][2]    ; stage[3][5][0]_rtl_0 ; SHIFT_TAPS ;
; stage[5][5][2]    ; stage[3][5][0]_rtl_0 ; SHIFT_TAPS ;
; stage[4][5][2]    ; stage[3][5][0]_rtl_0 ; SHIFT_TAPS ;
; stage[3][5][2]    ; stage[3][5][0]_rtl_0 ; SHIFT_TAPS ;
; o_data[5][3]~reg0 ; stage[3][5][0]_rtl_0 ; SHIFT_TAPS ;
; stage[7][5][3]    ; stage[3][5][0]_rtl_0 ; SHIFT_TAPS ;
; stage[6][5][3]    ; stage[3][5][0]_rtl_0 ; SHIFT_TAPS ;
; stage[5][5][3]    ; stage[3][5][0]_rtl_0 ; SHIFT_TAPS ;
; stage[4][5][3]    ; stage[3][5][0]_rtl_0 ; SHIFT_TAPS ;
; stage[3][5][3]    ; stage[3][5][0]_rtl_0 ; SHIFT_TAPS ;
; o_data[5][4]~reg0 ; stage[3][5][0]_rtl_0 ; SHIFT_TAPS ;
; stage[7][5][4]    ; stage[3][5][0]_rtl_0 ; SHIFT_TAPS ;
; stage[6][5][4]    ; stage[3][5][0]_rtl_0 ; SHIFT_TAPS ;
; stage[5][5][4]    ; stage[3][5][0]_rtl_0 ; SHIFT_TAPS ;
; stage[4][5][4]    ; stage[3][5][0]_rtl_0 ; SHIFT_TAPS ;
; stage[3][5][4]    ; stage[3][5][0]_rtl_0 ; SHIFT_TAPS ;
; o_data[5][5]~reg0 ; stage[3][5][0]_rtl_0 ; SHIFT_TAPS ;
; stage[7][5][5]    ; stage[3][5][0]_rtl_0 ; SHIFT_TAPS ;
; stage[6][5][5]    ; stage[3][5][0]_rtl_0 ; SHIFT_TAPS ;
; stage[5][5][5]    ; stage[3][5][0]_rtl_0 ; SHIFT_TAPS ;
; stage[4][5][5]    ; stage[3][5][0]_rtl_0 ; SHIFT_TAPS ;
; stage[3][5][5]    ; stage[3][5][0]_rtl_0 ; SHIFT_TAPS ;
; o_data[5][6]~reg0 ; stage[3][5][0]_rtl_0 ; SHIFT_TAPS ;
; stage[7][5][6]    ; stage[3][5][0]_rtl_0 ; SHIFT_TAPS ;
; stage[6][5][6]    ; stage[3][5][0]_rtl_0 ; SHIFT_TAPS ;
; stage[5][5][6]    ; stage[3][5][0]_rtl_0 ; SHIFT_TAPS ;
; stage[4][5][6]    ; stage[3][5][0]_rtl_0 ; SHIFT_TAPS ;
; stage[3][5][6]    ; stage[3][5][0]_rtl_0 ; SHIFT_TAPS ;
; o_data[5][7]~reg0 ; stage[3][5][0]_rtl_0 ; SHIFT_TAPS ;
; stage[7][5][7]    ; stage[3][5][0]_rtl_0 ; SHIFT_TAPS ;
; stage[6][5][7]    ; stage[3][5][0]_rtl_0 ; SHIFT_TAPS ;
; stage[5][5][7]    ; stage[3][5][0]_rtl_0 ; SHIFT_TAPS ;
; stage[4][5][7]    ; stage[3][5][0]_rtl_0 ; SHIFT_TAPS ;
; stage[3][5][7]    ; stage[3][5][0]_rtl_0 ; SHIFT_TAPS ;
; o_data[4][0]~reg0 ; stage[4][4][0]_rtl_0 ; SHIFT_TAPS ;
; stage[7][4][0]    ; stage[4][4][0]_rtl_0 ; SHIFT_TAPS ;
; stage[6][4][0]    ; stage[4][4][0]_rtl_0 ; SHIFT_TAPS ;
; stage[5][4][0]    ; stage[4][4][0]_rtl_0 ; SHIFT_TAPS ;
; stage[4][4][0]    ; stage[4][4][0]_rtl_0 ; SHIFT_TAPS ;
; o_data[4][1]~reg0 ; stage[4][4][0]_rtl_0 ; SHIFT_TAPS ;
; stage[7][4][1]    ; stage[4][4][0]_rtl_0 ; SHIFT_TAPS ;
; stage[6][4][1]    ; stage[4][4][0]_rtl_0 ; SHIFT_TAPS ;
; stage[5][4][1]    ; stage[4][4][0]_rtl_0 ; SHIFT_TAPS ;
; stage[4][4][1]    ; stage[4][4][0]_rtl_0 ; SHIFT_TAPS ;
; o_data[4][2]~reg0 ; stage[4][4][0]_rtl_0 ; SHIFT_TAPS ;
; stage[7][4][2]    ; stage[4][4][0]_rtl_0 ; SHIFT_TAPS ;
; stage[6][4][2]    ; stage[4][4][0]_rtl_0 ; SHIFT_TAPS ;
; stage[5][4][2]    ; stage[4][4][0]_rtl_0 ; SHIFT_TAPS ;
; stage[4][4][2]    ; stage[4][4][0]_rtl_0 ; SHIFT_TAPS ;
; o_data[4][3]~reg0 ; stage[4][4][0]_rtl_0 ; SHIFT_TAPS ;
; stage[7][4][3]    ; stage[4][4][0]_rtl_0 ; SHIFT_TAPS ;
; stage[6][4][3]    ; stage[4][4][0]_rtl_0 ; SHIFT_TAPS ;
; stage[5][4][3]    ; stage[4][4][0]_rtl_0 ; SHIFT_TAPS ;
; stage[4][4][3]    ; stage[4][4][0]_rtl_0 ; SHIFT_TAPS ;
; o_data[4][4]~reg0 ; stage[4][4][0]_rtl_0 ; SHIFT_TAPS ;
; stage[7][4][4]    ; stage[4][4][0]_rtl_0 ; SHIFT_TAPS ;
; stage[6][4][4]    ; stage[4][4][0]_rtl_0 ; SHIFT_TAPS ;
; stage[5][4][4]    ; stage[4][4][0]_rtl_0 ; SHIFT_TAPS ;
; stage[4][4][4]    ; stage[4][4][0]_rtl_0 ; SHIFT_TAPS ;
; o_data[4][5]~reg0 ; stage[4][4][0]_rtl_0 ; SHIFT_TAPS ;
; stage[7][4][5]    ; stage[4][4][0]_rtl_0 ; SHIFT_TAPS ;
; stage[6][4][5]    ; stage[4][4][0]_rtl_0 ; SHIFT_TAPS ;
; stage[5][4][5]    ; stage[4][4][0]_rtl_0 ; SHIFT_TAPS ;
; stage[4][4][5]    ; stage[4][4][0]_rtl_0 ; SHIFT_TAPS ;
; o_data[4][6]~reg0 ; stage[4][4][0]_rtl_0 ; SHIFT_TAPS ;
; stage[7][4][6]    ; stage[4][4][0]_rtl_0 ; SHIFT_TAPS ;
; stage[6][4][6]    ; stage[4][4][0]_rtl_0 ; SHIFT_TAPS ;
; stage[5][4][6]    ; stage[4][4][0]_rtl_0 ; SHIFT_TAPS ;
; stage[4][4][6]    ; stage[4][4][0]_rtl_0 ; SHIFT_TAPS ;
; o_data[4][7]~reg0 ; stage[4][4][0]_rtl_0 ; SHIFT_TAPS ;
; stage[7][4][7]    ; stage[4][4][0]_rtl_0 ; SHIFT_TAPS ;
; stage[6][4][7]    ; stage[4][4][0]_rtl_0 ; SHIFT_TAPS ;
; stage[5][4][7]    ; stage[4][4][0]_rtl_0 ; SHIFT_TAPS ;
; stage[4][4][7]    ; stage[4][4][0]_rtl_0 ; SHIFT_TAPS ;
; o_data[3][0]~reg0 ; stage[5][3][0]_rtl_0 ; SHIFT_TAPS ;
; stage[7][3][0]    ; stage[5][3][0]_rtl_0 ; SHIFT_TAPS ;
; stage[6][3][0]    ; stage[5][3][0]_rtl_0 ; SHIFT_TAPS ;
; stage[5][3][0]    ; stage[5][3][0]_rtl_0 ; SHIFT_TAPS ;
; o_data[3][1]~reg0 ; stage[5][3][0]_rtl_0 ; SHIFT_TAPS ;
; stage[7][3][1]    ; stage[5][3][0]_rtl_0 ; SHIFT_TAPS ;
; stage[6][3][1]    ; stage[5][3][0]_rtl_0 ; SHIFT_TAPS ;
; stage[5][3][1]    ; stage[5][3][0]_rtl_0 ; SHIFT_TAPS ;
; o_data[3][2]~reg0 ; stage[5][3][0]_rtl_0 ; SHIFT_TAPS ;
; stage[7][3][2]    ; stage[5][3][0]_rtl_0 ; SHIFT_TAPS ;
; stage[6][3][2]    ; stage[5][3][0]_rtl_0 ; SHIFT_TAPS ;
; stage[5][3][2]    ; stage[5][3][0]_rtl_0 ; SHIFT_TAPS ;
; o_data[3][3]~reg0 ; stage[5][3][0]_rtl_0 ; SHIFT_TAPS ;
; stage[7][3][3]    ; stage[5][3][0]_rtl_0 ; SHIFT_TAPS ;
; stage[6][3][3]    ; stage[5][3][0]_rtl_0 ; SHIFT_TAPS ;
; stage[5][3][3]    ; stage[5][3][0]_rtl_0 ; SHIFT_TAPS ;
; o_data[3][4]~reg0 ; stage[5][3][0]_rtl_0 ; SHIFT_TAPS ;
; stage[7][3][4]    ; stage[5][3][0]_rtl_0 ; SHIFT_TAPS ;
; stage[6][3][4]    ; stage[5][3][0]_rtl_0 ; SHIFT_TAPS ;
; stage[5][3][4]    ; stage[5][3][0]_rtl_0 ; SHIFT_TAPS ;
; o_data[3][5]~reg0 ; stage[5][3][0]_rtl_0 ; SHIFT_TAPS ;
; stage[7][3][5]    ; stage[5][3][0]_rtl_0 ; SHIFT_TAPS ;
; stage[6][3][5]    ; stage[5][3][0]_rtl_0 ; SHIFT_TAPS ;
; stage[5][3][5]    ; stage[5][3][0]_rtl_0 ; SHIFT_TAPS ;
; o_data[3][6]~reg0 ; stage[5][3][0]_rtl_0 ; SHIFT_TAPS ;
; stage[7][3][6]    ; stage[5][3][0]_rtl_0 ; SHIFT_TAPS ;
; stage[6][3][6]    ; stage[5][3][0]_rtl_0 ; SHIFT_TAPS ;
; stage[5][3][6]    ; stage[5][3][0]_rtl_0 ; SHIFT_TAPS ;
; o_data[3][7]~reg0 ; stage[5][3][0]_rtl_0 ; SHIFT_TAPS ;
; stage[7][3][7]    ; stage[5][3][0]_rtl_0 ; SHIFT_TAPS ;
; stage[6][3][7]    ; stage[5][3][0]_rtl_0 ; SHIFT_TAPS ;
; stage[5][3][7]    ; stage[5][3][0]_rtl_0 ; SHIFT_TAPS ;
+-------------------+----------------------+------------+


+---------------------------------------------------------------------------------------------------------------------+
; Source assignments for altshift_taps:stage[1][7][0]_rtl_0|shift_taps_tim:auto_generated|altsyncram_3va1:altsyncram2 ;
+---------------------------------+--------------------+------+-------------------------------------------------------+
; Assignment                      ; Value              ; From ; To                                                    ;
+---------------------------------+--------------------+------+-------------------------------------------------------+
; OPTIMIZE_POWER_DURING_SYNTHESIS ; NORMAL_COMPILATION ; -    ; -                                                     ;
+---------------------------------+--------------------+------+-------------------------------------------------------+


+---------------------------------------------------------------------------------------------------------------------+
; Source assignments for altshift_taps:stage[2][6][0]_rtl_0|shift_taps_sim:auto_generated|altsyncram_1va1:altsyncram2 ;
+---------------------------------+--------------------+------+-------------------------------------------------------+
; Assignment                      ; Value              ; From ; To                                                    ;
+---------------------------------+--------------------+------+-------------------------------------------------------+
; OPTIMIZE_POWER_DURING_SYNTHESIS ; NORMAL_COMPILATION ; -    ; -                                                     ;
+---------------------------------+--------------------+------+-------------------------------------------------------+


+---------------------------------------------------------------------------------------------------------------------+
; Source assignments for altshift_taps:stage[3][5][0]_rtl_0|shift_taps_rim:auto_generated|altsyncram_tua1:altsyncram2 ;
+---------------------------------+--------------------+------+-------------------------------------------------------+
; Assignment                      ; Value              ; From ; To                                                    ;
+---------------------------------+--------------------+------+-------------------------------------------------------+
; OPTIMIZE_POWER_DURING_SYNTHESIS ; NORMAL_COMPILATION ; -    ; -                                                     ;
+---------------------------------+--------------------+------+-------------------------------------------------------+


+---------------------------------------------------------------------------------------------------------------------+
; Source assignments for altshift_taps:stage[4][4][0]_rtl_0|shift_taps_qim:auto_generated|altsyncram_rua1:altsyncram2 ;
+---------------------------------+--------------------+------+-------------------------------------------------------+
; Assignment                      ; Value              ; From ; To                                                    ;
+---------------------------------+--------------------+------+-------------------------------------------------------+
; OPTIMIZE_POWER_DURING_SYNTHESIS ; NORMAL_COMPILATION ; -    ; -                                                     ;
+---------------------------------+--------------------+------+-------------------------------------------------------+


+---------------------------------------------------------------------------------------------------------------------+
; Source assignments for altshift_taps:stage[5][3][0]_rtl_0|shift_taps_pim:auto_generated|altsyncram_nua1:altsyncram2 ;
+---------------------------------+--------------------+------+-------------------------------------------------------+
; Assignment                      ; Value              ; From ; To                                                    ;
+---------------------------------+--------------------+------+-------------------------------------------------------+
; OPTIMIZE_POWER_DURING_SYNTHESIS ; NORMAL_COMPILATION ; -    ; -                                                     ;
+---------------------------------+--------------------+------+-------------------------------------------------------+


+----------------------------------------------------------------------------+
; Parameter Settings for User Entity Instance: Top-level Entity: |bubbleSort ;
+----------------+-------+---------------------------------------------------+
; Parameter Name ; Value ; Type                                              ;
+----------------+-------+---------------------------------------------------+
; SIZE_DATA      ; 8     ; Signed Integer                                    ;
+----------------+-------+---------------------------------------------------+
Note: In order to hide this table in the UI and the text report file, please set the "Show Parameter Settings in Synthesis Report" option in "Analysis and Synthesis Settings -> More Settings" to "Off".


+-------------------------------------------------------------------------------------+
; Parameter Settings for Inferred Entity Instance: altshift_taps:stage[1][7][0]_rtl_0 ;
+----------------+----------------+---------------------------------------------------+
; Parameter Name ; Value          ; Type                                              ;
+----------------+----------------+---------------------------------------------------+
; WIDTH_BYTEENA  ; 1              ; Untyped                                           ;
; NUMBER_OF_TAPS ; 1              ; Untyped                                           ;
; TAP_DISTANCE   ; 8              ; Untyped                                           ;
; WIDTH          ; 8              ; Untyped                                           ;
; POWER_UP_STATE ; CLEARED        ; Untyped                                           ;
; CBXI_PARAMETER ; shift_taps_tim ; Untyped                                           ;
+----------------+----------------+---------------------------------------------------+
Note: In order to hide this table in the UI and the text report file, please set the "Show Parameter Settings in Synthesis Report" option in "Analysis and Synthesis Settings -> More Settings" to "Off".


+-------------------------------------------------------------------------------------+
; Parameter Settings for Inferred Entity Instance: altshift_taps:stage[2][6][0]_rtl_0 ;
+----------------+----------------+---------------------------------------------------+
; Parameter Name ; Value          ; Type                                              ;
+----------------+----------------+---------------------------------------------------+
; WIDTH_BYTEENA  ; 1              ; Untyped                                           ;
; NUMBER_OF_TAPS ; 1              ; Untyped                                           ;
; TAP_DISTANCE   ; 7              ; Untyped                                           ;
; WIDTH          ; 8              ; Untyped                                           ;
; POWER_UP_STATE ; CLEARED        ; Untyped                                           ;
; CBXI_PARAMETER ; shift_taps_sim ; Untyped                                           ;
+----------------+----------------+---------------------------------------------------+
Note: In order to hide this table in the UI and the text report file, please set the "Show Parameter Settings in Synthesis Report" option in "Analysis and Synthesis Settings -> More Settings" to "Off".


+-------------------------------------------------------------------------------------+
; Parameter Settings for Inferred Entity Instance: altshift_taps:stage[3][5][0]_rtl_0 ;
+----------------+----------------+---------------------------------------------------+
; Parameter Name ; Value          ; Type                                              ;
+----------------+----------------+---------------------------------------------------+
; WIDTH_BYTEENA  ; 1              ; Untyped                                           ;
; NUMBER_OF_TAPS ; 1              ; Untyped                                           ;
; TAP_DISTANCE   ; 6              ; Untyped                                           ;
; WIDTH          ; 8              ; Untyped                                           ;
; POWER_UP_STATE ; CLEARED        ; Untyped                                           ;
; CBXI_PARAMETER ; shift_taps_rim ; Untyped                                           ;
+----------------+----------------+---------------------------------------------------+
Note: In order to hide this table in the UI and the text report file, please set the "Show Parameter Settings in Synthesis Report" option in "Analysis and Synthesis Settings -> More Settings" to "Off".


+-------------------------------------------------------------------------------------+
; Parameter Settings for Inferred Entity Instance: altshift_taps:stage[4][4][0]_rtl_0 ;
+----------------+----------------+---------------------------------------------------+
; Parameter Name ; Value          ; Type                                              ;
+----------------+----------------+---------------------------------------------------+
; WIDTH_BYTEENA  ; 1              ; Untyped                                           ;
; NUMBER_OF_TAPS ; 1              ; Untyped                                           ;
; TAP_DISTANCE   ; 5              ; Untyped                                           ;
; WIDTH          ; 8              ; Untyped                                           ;
; POWER_UP_STATE ; CLEARED        ; Untyped                                           ;
; CBXI_PARAMETER ; shift_taps_qim ; Untyped                                           ;
+----------------+----------------+---------------------------------------------------+
Note: In order to hide this table in the UI and the text report file, please set the "Show Parameter Settings in Synthesis Report" option in "Analysis and Synthesis Settings -> More Settings" to "Off".


+-------------------------------------------------------------------------------------+
; Parameter Settings for Inferred Entity Instance: altshift_taps:stage[5][3][0]_rtl_0 ;
+----------------+----------------+---------------------------------------------------+
; Parameter Name ; Value          ; Type                                              ;
+----------------+----------------+---------------------------------------------------+
; WIDTH_BYTEENA  ; 1              ; Untyped                                           ;
; NUMBER_OF_TAPS ; 1              ; Untyped                                           ;
; TAP_DISTANCE   ; 4              ; Untyped                                           ;
; WIDTH          ; 8              ; Untyped                                           ;
; POWER_UP_STATE ; CLEARED        ; Untyped                                           ;
; CBXI_PARAMETER ; shift_taps_pim ; Untyped                                           ;
+----------------+----------------+---------------------------------------------------+
Note: In order to hide this table in the UI and the text report file, please set the "Show Parameter Settings in Synthesis Report" option in "Analysis and Synthesis Settings -> More Settings" to "Off".


+-----------------------------------------------------------------+
; altshift_taps Parameter Settings by Entity Instance             ;
+----------------------------+------------------------------------+
; Name                       ; Value                              ;
+----------------------------+------------------------------------+
; Number of entity instances ; 5                                  ;
; Entity Instance            ; altshift_taps:stage[1][7][0]_rtl_0 ;
;     -- NUMBER_OF_TAPS      ; 1                                  ;
;     -- TAP_DISTANCE        ; 8                                  ;
;     -- WIDTH               ; 8                                  ;
; Entity Instance            ; altshift_taps:stage[2][6][0]_rtl_0 ;
;     -- NUMBER_OF_TAPS      ; 1                                  ;
;     -- TAP_DISTANCE        ; 7                                  ;
;     -- WIDTH               ; 8                                  ;
; Entity Instance            ; altshift_taps:stage[3][5][0]_rtl_0 ;
;     -- NUMBER_OF_TAPS      ; 1                                  ;
;     -- TAP_DISTANCE        ; 6                                  ;
;     -- WIDTH               ; 8                                  ;
; Entity Instance            ; altshift_taps:stage[4][4][0]_rtl_0 ;
;     -- NUMBER_OF_TAPS      ; 1                                  ;
;     -- TAP_DISTANCE        ; 5                                  ;
;     -- WIDTH               ; 8                                  ;
; Entity Instance            ; altshift_taps:stage[5][3][0]_rtl_0 ;
;     -- NUMBER_OF_TAPS      ; 1                                  ;
;     -- TAP_DISTANCE        ; 4                                  ;
;     -- WIDTH               ; 8                                  ;
+----------------------------+------------------------------------+


+-----------------------------------------------------+
; Post-Synthesis Netlist Statistics for Top Partition ;
+-----------------------+-----------------------------+
; Type                  ; Count                       ;
+-----------------------+-----------------------------+
; boundary_port         ; 132                         ;
; cycloneiii_ff         ; 366                         ;
;     CLR               ; 94                          ;
;     CLR SLD           ; 184                         ;
;     ENA CLR           ; 77                          ;
;     plain             ; 11                          ;
; cycloneiii_lcell_comb ; 385                         ;
;     arith             ; 241                         ;
;         1 data inputs ; 3                           ;
;         2 data inputs ; 19                          ;
;         3 data inputs ; 219                         ;
;     normal            ; 144                         ;
;         0 data inputs ; 31                          ;
;         1 data inputs ; 2                           ;
;         2 data inputs ; 11                          ;
;         3 data inputs ; 96                          ;
;         4 data inputs ; 4                           ;
; cycloneiii_ram_block  ; 40                          ;
;                       ;                             ;
; Max LUT depth         ; 3.30                        ;
; Average LUT depth     ; 1.58                        ;
+-----------------------+-----------------------------+


+-------------------------------+
; Elapsed Time Per Partition    ;
+----------------+--------------+
; Partition Name ; Elapsed Time ;
+----------------+--------------+
; Top            ; 00:00:01     ;
+----------------+--------------+


+-------------------------------+
; Analysis & Synthesis Messages ;
+-------------------------------+
Info: *******************************************************************
Info: Running Quartus Prime Analysis & Synthesis
    Info: Version 20.1.1 Build 720 11/11/2020 SJ Lite Edition
    Info: Processing started: Fri Jul 25 21:41:15 2025
Info: Command: quartus_map --read_settings_files=on --write_settings_files=off bubbleSort -c bubbleSort
Warning (18236): Number of processors has not been specified which may cause overloading on shared machines.  Set the global assignment NUM_PARALLEL_PROCESSORS in your QSF to an appropriate value for best performance.
Info (20030): Parallel compilation is enabled and will use 4 of the 4 processors detected
Info (12021): Found 1 design units, including 1 entities, in source file /document_forme/project_tiny/do_tt/02_rtl/compare_block_reg.sv
    Info (12023): Found entity 1: compare_block_reg File: C:/Document_forme/project_tiny/DO_TT/02_rtl/compare_block_reg.sv Line: 1
Info (12021): Found 1 design units, including 1 entities, in source file /document_forme/project_tiny/do_tt/02_rtl/bubblesort.sv
    Info (12023): Found entity 1: bubbleSort File: C:/Document_forme/project_tiny/DO_TT/02_rtl/bubbleSort.sv Line: 109
Info (12127): Elaborating entity "bubbleSort" for the top level hierarchy
Info (10008): Verilog HDL or VHDL information: EDA Netlist Writer cannot regroup multidimensional array "stage" into its bus
Info (19000): Inferred 5 megafunctions from design logic
    Info (276034): Inferred altshift_taps megafunction from the following design logic: "stage[1][7][0]_rtl_0"
        Info (286033): Parameter NUMBER_OF_TAPS set to 1
        Info (286033): Parameter TAP_DISTANCE set to 8
        Info (286033): Parameter WIDTH set to 8
    Info (276034): Inferred altshift_taps megafunction from the following design logic: "stage[2][6][0]_rtl_0"
        Info (286033): Parameter NUMBER_OF_TAPS set to 1
        Info (286033): Parameter TAP_DISTANCE set to 7
        Info (286033): Parameter WIDTH set to 8
    Info (276034): Inferred altshift_taps megafunction from the following design logic: "stage[3][5][0]_rtl_0"
        Info (286033): Parameter NUMBER_OF_TAPS set to 1
        Info (286033): Parameter TAP_DISTANCE set to 6
        Info (286033): Parameter WIDTH set to 8
    Info (276034): Inferred altshift_taps megafunction from the following design logic: "stage[4][4][0]_rtl_0"
        Info (286033): Parameter NUMBER_OF_TAPS set to 1
        Info (286033): Parameter TAP_DISTANCE set to 5
        Info (286033): Parameter WIDTH set to 8
    Info (276034): Inferred altshift_taps megafunction from the following design logic: "stage[5][3][0]_rtl_0"
        Info (286033): Parameter NUMBER_OF_TAPS set to 1
        Info (286033): Parameter TAP_DISTANCE set to 4
        Info (286033): Parameter WIDTH set to 8
Info (12130): Elaborated megafunction instantiation "altshift_taps:stage[1][7][0]_rtl_0"
Info (12133): Instantiated megafunction "altshift_taps:stage[1][7][0]_rtl_0" with the following parameter:
    Info (12134): Parameter "NUMBER_OF_TAPS" = "1"
    Info (12134): Parameter "TAP_DISTANCE" = "8"
    Info (12134): Parameter "WIDTH" = "8"
Info (12021): Found 1 design units, including 1 entities, in source file db/shift_taps_tim.tdf
    Info (12023): Found entity 1: shift_taps_tim File: C:/Document_forme/project_tiny/DO_TT/04_imple/bubble_Sort/db/shift_taps_tim.tdf Line: 29
Info (12021): Found 1 design units, including 1 entities, in source file db/altsyncram_3va1.tdf
    Info (12023): Found entity 1: altsyncram_3va1 File: C:/Document_forme/project_tiny/DO_TT/04_imple/bubble_Sort/db/altsyncram_3va1.tdf Line: 28
Info (12021): Found 1 design units, including 1 entities, in source file db/cntr_3pf.tdf
    Info (12023): Found entity 1: cntr_3pf File: C:/Document_forme/project_tiny/DO_TT/04_imple/bubble_Sort/db/cntr_3pf.tdf Line: 25
Info (12021): Found 1 design units, including 1 entities, in source file db/cmpr_igc.tdf
    Info (12023): Found entity 1: cmpr_igc File: C:/Document_forme/project_tiny/DO_TT/04_imple/bubble_Sort/db/cmpr_igc.tdf Line: 23
Info (12021): Found 1 design units, including 1 entities, in source file db/cntr_p8h.tdf
    Info (12023): Found entity 1: cntr_p8h File: C:/Document_forme/project_tiny/DO_TT/04_imple/bubble_Sort/db/cntr_p8h.tdf Line: 26
Info (12130): Elaborated megafunction instantiation "altshift_taps:stage[2][6][0]_rtl_0"
Info (12133): Instantiated megafunction "altshift_taps:stage[2][6][0]_rtl_0" with the following parameter:
    Info (12134): Parameter "NUMBER_OF_TAPS" = "1"
    Info (12134): Parameter "TAP_DISTANCE" = "7"
    Info (12134): Parameter "WIDTH" = "8"
Info (12021): Found 1 design units, including 1 entities, in source file db/shift_taps_sim.tdf
    Info (12023): Found entity 1: shift_taps_sim File: C:/Document_forme/project_tiny/DO_TT/04_imple/bubble_Sort/db/shift_taps_sim.tdf Line: 29
Info (12021): Found 1 design units, including 1 entities, in source file db/altsyncram_1va1.tdf
    Info (12023): Found entity 1: altsyncram_1va1 File: C:/Document_forme/project_tiny/DO_TT/04_imple/bubble_Sort/db/altsyncram_1va1.tdf Line: 28
Info (12021): Found 1 design units, including 1 entities, in source file db/cntr_2pf.tdf
    Info (12023): Found entity 1: cntr_2pf File: C:/Document_forme/project_tiny/DO_TT/04_imple/bubble_Sort/db/cntr_2pf.tdf Line: 25
Info (12021): Found 1 design units, including 1 entities, in source file db/cntr_o8h.tdf
    Info (12023): Found entity 1: cntr_o8h File: C:/Document_forme/project_tiny/DO_TT/04_imple/bubble_Sort/db/cntr_o8h.tdf Line: 26
Info (12130): Elaborated megafunction instantiation "altshift_taps:stage[3][5][0]_rtl_0"
Info (12133): Instantiated megafunction "altshift_taps:stage[3][5][0]_rtl_0" with the following parameter:
    Info (12134): Parameter "NUMBER_OF_TAPS" = "1"
    Info (12134): Parameter "TAP_DISTANCE" = "6"
    Info (12134): Parameter "WIDTH" = "8"
Info (12021): Found 1 design units, including 1 entities, in source file db/shift_taps_rim.tdf
    Info (12023): Found entity 1: shift_taps_rim File: C:/Document_forme/project_tiny/DO_TT/04_imple/bubble_Sort/db/shift_taps_rim.tdf Line: 29
Info (12021): Found 1 design units, including 1 entities, in source file db/altsyncram_tua1.tdf
    Info (12023): Found entity 1: altsyncram_tua1 File: C:/Document_forme/project_tiny/DO_TT/04_imple/bubble_Sort/db/altsyncram_tua1.tdf Line: 28
Info (12021): Found 1 design units, including 1 entities, in source file db/cntr_0pf.tdf
    Info (12023): Found entity 1: cntr_0pf File: C:/Document_forme/project_tiny/DO_TT/04_imple/bubble_Sort/db/cntr_0pf.tdf Line: 26
Info (12021): Found 1 design units, including 1 entities, in source file db/cntr_n8h.tdf
    Info (12023): Found entity 1: cntr_n8h File: C:/Document_forme/project_tiny/DO_TT/04_imple/bubble_Sort/db/cntr_n8h.tdf Line: 26
Info (12130): Elaborated megafunction instantiation "altshift_taps:stage[4][4][0]_rtl_0"
Info (12133): Instantiated megafunction "altshift_taps:stage[4][4][0]_rtl_0" with the following parameter:
    Info (12134): Parameter "NUMBER_OF_TAPS" = "1"
    Info (12134): Parameter "TAP_DISTANCE" = "5"
    Info (12134): Parameter "WIDTH" = "8"
Info (12021): Found 1 design units, including 1 entities, in source file db/shift_taps_qim.tdf
    Info (12023): Found entity 1: shift_taps_qim File: C:/Document_forme/project_tiny/DO_TT/04_imple/bubble_Sort/db/shift_taps_qim.tdf Line: 29
Info (12021): Found 1 design units, including 1 entities, in source file db/altsyncram_rua1.tdf
    Info (12023): Found entity 1: altsyncram_rua1 File: C:/Document_forme/project_tiny/DO_TT/04_imple/bubble_Sort/db/altsyncram_rua1.tdf Line: 28
Info (12021): Found 1 design units, including 1 entities, in source file db/cntr_vof.tdf
    Info (12023): Found entity 1: cntr_vof File: C:/Document_forme/project_tiny/DO_TT/04_imple/bubble_Sort/db/cntr_vof.tdf Line: 25
Info (12021): Found 1 design units, including 1 entities, in source file db/cmpr_hgc.tdf
    Info (12023): Found entity 1: cmpr_hgc File: C:/Document_forme/project_tiny/DO_TT/04_imple/bubble_Sort/db/cmpr_hgc.tdf Line: 23
Info (12021): Found 1 design units, including 1 entities, in source file db/cntr_l8h.tdf
    Info (12023): Found entity 1: cntr_l8h File: C:/Document_forme/project_tiny/DO_TT/04_imple/bubble_Sort/db/cntr_l8h.tdf Line: 26
Info (12130): Elaborated megafunction instantiation "altshift_taps:stage[5][3][0]_rtl_0"
Info (12133): Instantiated megafunction "altshift_taps:stage[5][3][0]_rtl_0" with the following parameter:
    Info (12134): Parameter "NUMBER_OF_TAPS" = "1"
    Info (12134): Parameter "TAP_DISTANCE" = "4"
    Info (12134): Parameter "WIDTH" = "8"
Info (12021): Found 1 design units, including 1 entities, in source file db/shift_taps_pim.tdf
    Info (12023): Found entity 1: shift_taps_pim File: C:/Document_forme/project_tiny/DO_TT/04_imple/bubble_Sort/db/shift_taps_pim.tdf Line: 29
Info (12021): Found 1 design units, including 1 entities, in source file db/altsyncram_nua1.tdf
    Info (12023): Found entity 1: altsyncram_nua1 File: C:/Document_forme/project_tiny/DO_TT/04_imple/bubble_Sort/db/altsyncram_nua1.tdf Line: 28
Info (12021): Found 1 design units, including 1 entities, in source file db/cntr_tof.tdf
    Info (12023): Found entity 1: cntr_tof File: C:/Document_forme/project_tiny/DO_TT/04_imple/bubble_Sort/db/cntr_tof.tdf Line: 26
Info (12021): Found 1 design units, including 1 entities, in source file db/cntr_k8h.tdf
    Info (12023): Found entity 1: cntr_k8h File: C:/Document_forme/project_tiny/DO_TT/04_imple/bubble_Sort/db/cntr_k8h.tdf Line: 26
Info (13000): Registers with preset signals will power-up high File: C:/Document_forme/project_tiny/DO_TT/04_imple/bubble_Sort/db/shift_taps_pim.tdf Line: 39
Info (13003): DEV_CLRn pin will set, and not reset, register with preset signal due to NOT Gate Push-Back
Info (286030): Timing-Driven Synthesis is running
Info (16010): Generating hard_block partition "hard_block:auto_generated_inst"
    Info (16011): Adding 0 node(s), including 0 DDIO, 0 PLL, 0 transceiver and 0 LCELL
Info (21057): Implemented 659 device resources after synthesis - the final resource count might be different
    Info (21058): Implemented 67 input pins
    Info (21059): Implemented 65 output pins
    Info (21061): Implemented 487 logic cells
    Info (21064): Implemented 40 RAM segments
Info: Quartus Prime Analysis & Synthesis was successful. 0 errors, 1 warning
    Info: Peak virtual memory: 4769 megabytes
    Info: Processing ended: Fri Jul 25 21:41:25 2025
    Info: Elapsed time: 00:00:10
    Info: Total CPU time (on all processors): 00:00:21


