Analysis & Synthesis report for insertionSort
Thu Jul 24 10:59:48 2025
Quartus Prime Version 20.1.1 Build 720 11/11/2020 SJ Lite Edition


---------------------
; Table of Contents ;
---------------------
  1. Legal Notice
  2. Analysis & Synthesis Summary
  3. Analysis & Synthesis Settings
  4. Parallel Compilation
  5. Analysis & Synthesis Source Files Read
  6. Analysis & Synthesis Resource Usage Summary
  7. Analysis & Synthesis Resource Utilization by Entity
  8. State Machine - |insertionSort|state
  9. Registers Removed During Synthesis
 10. General Register Statistics
 11. Multiplexer Restructuring Statistics (Restructuring Performed)
 12. Parameter Settings for User Entity Instance: Top-level Entity: |insertionSort
 13. Parameter Settings for User Entity Instance: compare_block:u_compare_block
 14. Post-Synthesis Netlist Statistics for Top Partition
 15. Elapsed Time Per Partition
 16. Analysis & Synthesis Messages



----------------
; Legal Notice ;
----------------
Copyright (C) 2020  Intel Corporation. All rights reserved.
Your use of Intel Corporation's design tools, logic functions 
and other software and tools, and any partner logic 
functions, and any output files from any of the foregoing 
(including device programming or simulation files), and any 
associated documentation or information are expressly subject 
to the terms and conditions of the Intel Program License 
Subscription Agreement, the Intel Quartus Prime License Agreement,
the Intel FPGA IP License Agreement, or other applicable license
agreement, including, without limitation, that your use is for
the sole purpose of programming logic devices manufactured by
Intel and sold by Intel or its authorized distributors.  Please
refer to the applicable agreement for further details, at
https://fpgasoftware.intel.com/eula.



+---------------------------------------------------------------------------------+
; Analysis & Synthesis Summary                                                    ;
+-----------------------------------+---------------------------------------------+
; Analysis & Synthesis Status       ; Successful - Thu Jul 24 10:59:48 2025       ;
; Quartus Prime Version             ; 20.1.1 Build 720 11/11/2020 SJ Lite Edition ;
; Revision Name                     ; insertionSort                               ;
; Top-level Entity Name             ; insertionSort                               ;
; Family                            ; Arria II GX                                 ;
; Logic utilization                 ; N/A                                         ;
;     Combinational ALUTs           ; 242                                         ;
;     Memory ALUTs                  ; 0                                           ;
;     Dedicated logic registers     ; 129                                         ;
; Total registers                   ; 129                                         ;
; Total pins                        ; 84                                          ;
; Total virtual pins                ; 0                                           ;
; Total block memory bits           ; 0                                           ;
; DSP block 18-bit elements         ; 0                                           ;
; Total GXB Receiver Channel PCS    ; 0                                           ;
; Total GXB Receiver Channel PMA    ; 0                                           ;
; Total GXB Transmitter Channel PCS ; 0                                           ;
; Total GXB Transmitter Channel PMA ; 0                                           ;
; Total PLLs                        ; 0                                           ;
; Total DLLs                        ; 0                                           ;
+-----------------------------------+---------------------------------------------+


+---------------------------------------------------------------------------------------------------------------------------+
; Analysis & Synthesis Settings                                                                                             ;
+---------------------------------------------------------------------------------+--------------------+--------------------+
; Option                                                                          ; Setting            ; Default Value      ;
+---------------------------------------------------------------------------------+--------------------+--------------------+
; Top-level entity name                                                           ; insertionSort      ; insertionSort      ;
; Family name                                                                     ; Arria II GX        ; Cyclone V          ;
; Use smart compilation                                                           ; Off                ; Off                ;
; Enable parallel Assembler and Timing Analyzer during compilation                ; On                 ; On                 ;
; Enable compact report table                                                     ; Off                ; Off                ;
; Restructure Multiplexers                                                        ; Auto               ; Auto               ;
; MLAB Add Timing Constraints For Mixed-Port Feed-Through Mode Setting Don't Care ; Off                ; Off                ;
; Create Debugging Nodes for IP Cores                                             ; Off                ; Off                ;
; Preserve fewer node names                                                       ; On                 ; On                 ;
; Intel FPGA IP Evaluation Mode                                                   ; Enable             ; Enable             ;
; Verilog Version                                                                 ; Verilog_2001       ; Verilog_2001       ;
; VHDL Version                                                                    ; VHDL_1993          ; VHDL_1993          ;
; State Machine Processing                                                        ; Auto               ; Auto               ;
; Safe State Machine                                                              ; Off                ; Off                ;
; Extract Verilog State Machines                                                  ; On                 ; On                 ;
; Extract VHDL State Machines                                                     ; On                 ; On                 ;
; Ignore Verilog initial constructs                                               ; Off                ; Off                ;
; Iteration limit for constant Verilog loops                                      ; 5000               ; 5000               ;
; Iteration limit for non-constant Verilog loops                                  ; 250                ; 250                ;
; Add Pass-Through Logic to Inferred RAMs                                         ; On                 ; On                 ;
; Infer RAMs from Raw Logic                                                       ; On                 ; On                 ;
; Parallel Synthesis                                                              ; On                 ; On                 ;
; DSP Block Balancing                                                             ; Auto               ; Auto               ;
; NOT Gate Push-Back                                                              ; On                 ; On                 ;
; Power-Up Don't Care                                                             ; On                 ; On                 ;
; Remove Redundant Logic Cells                                                    ; Off                ; Off                ;
; Remove Duplicate Registers                                                      ; On                 ; On                 ;
; Ignore CARRY Buffers                                                            ; Off                ; Off                ;
; Ignore CASCADE Buffers                                                          ; Off                ; Off                ;
; Ignore GLOBAL Buffers                                                           ; Off                ; Off                ;
; Ignore ROW GLOBAL Buffers                                                       ; Off                ; Off                ;
; Ignore LCELL Buffers                                                            ; Off                ; Off                ;
; Ignore SOFT Buffers                                                             ; On                 ; On                 ;
; Limit AHDL Integers to 32 Bits                                                  ; Off                ; Off                ;
; Optimization Technique                                                          ; Balanced           ; Balanced           ;
; Carry Chain Length                                                              ; 70                 ; 70                 ;
; Auto Carry Chains                                                               ; On                 ; On                 ;
; Auto Open-Drain Pins                                                            ; On                 ; On                 ;
; Perform WYSIWYG Primitive Resynthesis                                           ; Off                ; Off                ;
; Auto ROM Replacement                                                            ; On                 ; On                 ;
; Auto RAM Replacement                                                            ; On                 ; On                 ;
; Auto DSP Block Replacement                                                      ; On                 ; On                 ;
; Auto Shift Register Replacement                                                 ; Auto               ; Auto               ;
; Allow Shift Register Merging across Hierarchies                                 ; Auto               ; Auto               ;
; Auto Clock Enable Replacement                                                   ; On                 ; On                 ;
; Strict RAM Replacement                                                          ; Off                ; Off                ;
; Allow Synchronous Control Signals                                               ; On                 ; On                 ;
; Force Use of Synchronous Clear Signals                                          ; Off                ; Off                ;
; Auto RAM Block Balancing                                                        ; On                 ; On                 ;
; Auto RAM to Logic Cell Conversion                                               ; Off                ; Off                ;
; Auto Resource Sharing                                                           ; Off                ; Off                ;
; Allow Any RAM Size For Recognition                                              ; Off                ; Off                ;
; Allow Any ROM Size For Recognition                                              ; Off                ; Off                ;
; Allow Any Shift Register Size For Recognition                                   ; Off                ; Off                ;
; Use LogicLock Constraints during Resource Balancing                             ; On                 ; On                 ;
; Ignore translate_off and synthesis_off directives                               ; Off                ; Off                ;
; Timing-Driven Synthesis                                                         ; On                 ; On                 ;
; Report Parameter Settings                                                       ; On                 ; On                 ;
; Report Source Assignments                                                       ; On                 ; On                 ;
; Report Connectivity Checks                                                      ; On                 ; On                 ;
; Ignore Maximum Fan-Out Assignments                                              ; Off                ; Off                ;
; Synchronization Register Chain Length                                           ; 3                  ; 3                  ;
; Power Optimization During Synthesis                                             ; Normal compilation ; Normal compilation ;
; HDL message level                                                               ; Level2             ; Level2             ;
; Suppress Register Optimization Related Messages                                 ; Off                ; Off                ;
; Number of Removed Registers Reported in Synthesis Report                        ; 5000               ; 5000               ;
; Number of Swept Nodes Reported in Synthesis Report                              ; 5000               ; 5000               ;
; Number of Inverted Registers Reported in Synthesis Report                       ; 100                ; 100                ;
; Clock MUX Protection                                                            ; On                 ; On                 ;
; Auto Gated Clock Conversion                                                     ; Off                ; Off                ;
; Block Design Naming                                                             ; Auto               ; Auto               ;
; SDC constraint protection                                                       ; Off                ; Off                ;
; Synthesis Effort                                                                ; Auto               ; Auto               ;
; Shift Register Replacement - Allow Asynchronous Clear Signal                    ; On                 ; On                 ;
; Pre-Mapping Resynthesis Optimization                                            ; Off                ; Off                ;
; Analysis & Synthesis Message Level                                              ; Medium             ; Medium             ;
; Disable Register Merging Across Hierarchies                                     ; Auto               ; Auto               ;
; Resource Aware Inference For Block RAM                                          ; On                 ; On                 ;
+---------------------------------------------------------------------------------+--------------------+--------------------+


+------------------------------------------+
; Parallel Compilation                     ;
+----------------------------+-------------+
; Processors                 ; Number      ;
+----------------------------+-------------+
; Number detected on machine ; 8           ;
; Maximum allowed            ; 4           ;
;                            ;             ;
; Average used               ; 1.00        ;
; Maximum used               ; 4           ;
;                            ;             ;
; Usage by Processor         ; % Time Used ;
;     Processor 1            ; 100.0%      ;
;     Processors 2-4         ;   0.0%      ;
+----------------------------+-------------+


+------------------------------------------------------------------------------------------------------------------------------------------------------------+
; Analysis & Synthesis Source Files Read                                                                                                                     ;
+----------------------------------+-----------------+------------------------------+--------------------------------------------------------------+---------+
; File Name with User-Entered Path ; Used in Netlist ; File Type                    ; File Name with Absolute Path                                 ; Library ;
+----------------------------------+-----------------+------------------------------+--------------------------------------------------------------+---------+
; ../../02_rtl/compare_block.sv    ; yes             ; User SystemVerilog HDL File  ; C:/Document_forme/project_tiny/DO_TT/02_rtl/compare_block.sv ;         ;
; ../../02_rtl/insertionSort.sv    ; yes             ; User SystemVerilog HDL File  ; C:/Document_forme/project_tiny/DO_TT/02_rtl/insertionSort.sv ;         ;
+----------------------------------+-----------------+------------------------------+--------------------------------------------------------------+---------+


+-------------------------------------------------------------+
; Analysis & Synthesis Resource Usage Summary                 ;
+-----------------------------------------------+-------------+
; Resource                                      ; Usage       ;
+-----------------------------------------------+-------------+
; Estimated ALUTs Used                          ; 242         ;
;     -- Combinational ALUTs                    ; 242         ;
;     -- Memory ALUTs                           ; 0           ;
;     -- LUT_REGs                               ; 0           ;
; Dedicated logic registers                     ; 129         ;
;                                               ;             ;
; Estimated ALUTs Unavailable                   ; 37          ;
;     -- Due to unpartnered combinational logic ; 37          ;
;     -- Due to Memory ALUTs                    ; 0           ;
;                                               ;             ;
; Total combinational functions                 ; 242         ;
; Combinational ALUT usage by number of inputs  ;             ;
;     -- 7 input functions                      ; 6           ;
;     -- 6 input functions                      ; 57          ;
;     -- 5 input functions                      ; 42          ;
;     -- 4 input functions                      ; 15          ;
;     -- <=3 input functions                    ; 122         ;
;                                               ;             ;
; Combinational ALUTs by mode                   ;             ;
;     -- normal mode                            ; 141         ;
;     -- extended LUT mode                      ; 6           ;
;     -- arithmetic mode                        ; 95          ;
;     -- shared arithmetic mode                 ; 0           ;
;                                               ;             ;
; Estimated ALUT/register pairs used            ; 310         ;
;                                               ;             ;
; Total registers                               ; 129         ;
;     -- Dedicated logic registers              ; 129         ;
;     -- I/O registers                          ; 0           ;
;     -- LUT_REGs                               ; 0           ;
;                                               ;             ;
;                                               ;             ;
; I/O pins                                      ; 84          ;
;                                               ;             ;
; DSP block 18-bit elements                     ; 0           ;
;                                               ;             ;
; Maximum fan-out node                          ; i_clk~input ;
; Maximum fan-out                               ; 129         ;
; Total fan-out                                 ; 1587        ;
; Average fan-out                               ; 2.94        ;
+-----------------------------------------------+-------------+


+---------------------------------------------------------------------------------------------------------------------------------------------------------------------------------------------------------------------------------------------------------------------------+
; Analysis & Synthesis Resource Utilization by Entity                                                                                                                                                                                                                       ;
+------------------------------------+---------------------+---------------------------+-------------------+--------------+---------+-----------+-----------+-----------+------+--------------+----------------------------------------------+---------------+--------------+
; Compilation Hierarchy Node         ; Combinational ALUTs ; Dedicated Logic Registers ; Block Memory Bits ; DSP Elements ; DSP 9x9 ; DSP 12x12 ; DSP 18x18 ; DSP 36x36 ; Pins ; Virtual Pins ; Full Hierarchy Name                          ; Entity Name   ; Library Name ;
+------------------------------------+---------------------+---------------------------+-------------------+--------------+---------+-----------+-----------+-----------+------+--------------+----------------------------------------------+---------------+--------------+
; |insertionSort                     ; 242 (237)           ; 129 (129)                 ; 0                 ; 0            ; 0       ; 0         ; 0         ; 0         ; 84   ; 0            ; |insertionSort                               ; insertionSort ; work         ;
;    |compare_block:u_compare_block| ; 5 (5)               ; 0 (0)                     ; 0                 ; 0            ; 0       ; 0         ; 0         ; 0         ; 0    ; 0            ; |insertionSort|compare_block:u_compare_block ; compare_block ; work         ;
+------------------------------------+---------------------+---------------------------+-------------------+--------------+---------+-----------+-----------+-----------+------+--------------+----------------------------------------------+---------------+--------------+
Note: For table entries with two numbers listed, the numbers in parentheses indicate the number of resources of the given type used by the specific entity alone. The numbers listed outside of parentheses indicate the total resources of the given type used by the specific entity and all of its sub-entities in the hierarchy.


Encoding Type:  One-Hot
+--------------------------------------------------------------------------------------------------+
; State Machine - |insertionSort|state                                                             ;
+----------+----------+----------+----------+----------+----------+----------+----------+----------+
; Name     ; state.b7 ; state.b6 ; state.b5 ; state.b4 ; state.b3 ; state.b2 ; state.b1 ; state.b0 ;
+----------+----------+----------+----------+----------+----------+----------+----------+----------+
; state.b0 ; 0        ; 0        ; 0        ; 0        ; 0        ; 0        ; 0        ; 0        ;
; state.b1 ; 0        ; 0        ; 0        ; 0        ; 0        ; 0        ; 1        ; 1        ;
; state.b2 ; 0        ; 0        ; 0        ; 0        ; 0        ; 1        ; 0        ; 1        ;
; state.b3 ; 0        ; 0        ; 0        ; 0        ; 1        ; 0        ; 0        ; 1        ;
; state.b4 ; 0        ; 0        ; 0        ; 1        ; 0        ; 0        ; 0        ; 1        ;
; state.b5 ; 0        ; 0        ; 1        ; 0        ; 0        ; 0        ; 0        ; 1        ;
; state.b6 ; 0        ; 1        ; 0        ; 0        ; 0        ; 0        ; 0        ; 1        ;
; state.b7 ; 1        ; 0        ; 0        ; 0        ; 0        ; 0        ; 0        ; 1        ;
+----------+----------+----------+----------+----------+----------+----------+----------+----------+


+------------------------------------------------------------+
; Registers Removed During Synthesis                         ;
+---------------------------------------+--------------------+
; Register name                         ; Reason for Removal ;
+---------------------------------------+--------------------+
; state~12                              ; Lost fanout        ;
; state~13                              ; Lost fanout        ;
; state~14                              ; Lost fanout        ;
; Total Number of Removed Registers = 3 ;                    ;
+---------------------------------------+--------------------+


+------------------------------------------------------+
; General Register Statistics                          ;
+----------------------------------------------+-------+
; Statistic                                    ; Value ;
+----------------------------------------------+-------+
; Total registers                              ; 129   ;
; Number of registers using Synchronous Clear  ; 30    ;
; Number of registers using Synchronous Load   ; 54    ;
; Number of registers using Asynchronous Clear ; 41    ;
; Number of registers using Asynchronous Load  ; 0     ;
; Number of registers using Clock Enable       ; 118   ;
; Number of registers using Preset             ; 0     ;
+----------------------------------------------+-------+


+---------------------------------------------------------------------------------------------------------------------------------------------+
; Multiplexer Restructuring Statistics (Restructuring Performed)                                                                              ;
+--------------------+-----------+---------------+----------------------+------------------------+------------+-------------------------------+
; Multiplexer Inputs ; Bus Width ; Baseline Area ; Area if Restructured ; Saving if Restructured ; Registered ; Example Multiplexer Output    ;
+--------------------+-----------+---------------+----------------------+------------------------+------------+-------------------------------+
; 6:1                ; 8 bits    ; 32 ALUTs      ; 16 ALUTs             ; 16 ALUTs               ; Yes        ; |insertionSort|arr_temp[4][3] ;
; 6:1                ; 8 bits    ; 32 ALUTs      ; 16 ALUTs             ; 16 ALUTs               ; Yes        ; |insertionSort|arr_temp[3][6] ;
; 6:1                ; 8 bits    ; 32 ALUTs      ; 16 ALUTs             ; 16 ALUTs               ; Yes        ; |insertionSort|arr_temp[2][4] ;
; 7:1                ; 31 bits   ; 124 ALUTs     ; 62 ALUTs             ; 62 ALUTs               ; Yes        ; |insertionSort|i_sign[21]     ;
; 8:1                ; 8 bits    ; 40 ALUTs      ; 16 ALUTs             ; 24 ALUTs               ; Yes        ; |insertionSort|arr_temp[1][4] ;
; 8:1                ; 8 bits    ; 40 ALUTs      ; 16 ALUTs             ; 24 ALUTs               ; Yes        ; |insertionSort|arr_temp[0][4] ;
; 16:1               ; 8 bits    ; 80 ALUTs      ; 40 ALUTs             ; 40 ALUTs               ; No         ; |insertionSort|Mux0           ;
+--------------------+-----------+---------------+----------------------+------------------------+------------+-------------------------------+


+-------------------------------------------------------------------------------+
; Parameter Settings for User Entity Instance: Top-level Entity: |insertionSort ;
+----------------+-------+------------------------------------------------------+
; Parameter Name ; Value ; Type                                                 ;
+----------------+-------+------------------------------------------------------+
; NUM_VALS       ; 5     ; Signed Integer                                       ;
; SIZE_DATA      ; 8     ; Signed Integer                                       ;
+----------------+-------+------------------------------------------------------+
Note: In order to hide this table in the UI and the text report file, please set the "Show Parameter Settings in Synthesis Report" option in "Analysis and Synthesis Settings -> More Settings" to "Off".


+----------------------------------------------------------------------------+
; Parameter Settings for User Entity Instance: compare_block:u_compare_block ;
+----------------+-------+---------------------------------------------------+
; Parameter Name ; Value ; Type                                              ;
+----------------+-------+---------------------------------------------------+
; SIZE_DATA      ; 8     ; Signed Integer                                    ;
+----------------+-------+---------------------------------------------------+
Note: In order to hide this table in the UI and the text report file, please set the "Show Parameter Settings in Synthesis Report" option in "Analysis and Synthesis Settings -> More Settings" to "Off".


+-----------------------------------------------------+
; Post-Synthesis Netlist Statistics for Top Partition ;
+-----------------------+-----------------------------+
; Type                  ; Count                       ;
+-----------------------+-----------------------------+
; arriaii_ff            ; 129                         ;
;     CLR               ; 11                          ;
;     ENA               ; 64                          ;
;     ENA CLR SCLR SLD  ; 30                          ;
;     ENA SLD           ; 24                          ;
; boundary_port         ; 84                          ;
; stratixiv_lcell_comb  ; 242                         ;
;     arith             ; 95                          ;
;         1 data inputs ; 95                          ;
;     extend            ; 6                           ;
;         7 data inputs ; 6                           ;
;     normal            ; 141                         ;
;         1 data inputs ; 2                           ;
;         2 data inputs ; 11                          ;
;         3 data inputs ; 14                          ;
;         4 data inputs ; 15                          ;
;         5 data inputs ; 42                          ;
;         6 data inputs ; 57                          ;
;                       ;                             ;
; Max LUT depth         ; 6.30                        ;
; Average LUT depth     ; 3.81                        ;
+-----------------------+-----------------------------+


+-------------------------------+
; Elapsed Time Per Partition    ;
+----------------+--------------+
; Partition Name ; Elapsed Time ;
+----------------+--------------+
; Top            ; 00:00:00     ;
+----------------+--------------+


+-------------------------------+
; Analysis & Synthesis Messages ;
+-------------------------------+
Info: *******************************************************************
Info: Running Quartus Prime Analysis & Synthesis
    Info: Version 20.1.1 Build 720 11/11/2020 SJ Lite Edition
    Info: Processing started: Thu Jul 24 10:59:39 2025
Info: Command: quartus_map --read_settings_files=on --write_settings_files=off insertionSort -c insertionSort
Warning (18236): Number of processors has not been specified which may cause overloading on shared machines.  Set the global assignment NUM_PARALLEL_PROCESSORS in your QSF to an appropriate value for best performance.
Info (20030): Parallel compilation is enabled and will use 4 of the 4 processors detected
Info (12021): Found 1 design units, including 1 entities, in source file /document_forme/project_tiny/do_tt/02_rtl/compare_block.sv
    Info (12023): Found entity 1: compare_block File: C:/Document_forme/project_tiny/DO_TT/02_rtl/compare_block.sv Line: 1
Info (12021): Found 1 design units, including 1 entities, in source file /document_forme/project_tiny/do_tt/02_rtl/insertionsort.sv
    Info (12023): Found entity 1: insertionSort File: C:/Document_forme/project_tiny/DO_TT/02_rtl/insertionSort.sv Line: 1
Info (12127): Elaborating entity "insertionSort" for the top level hierarchy
Info (12128): Elaborating entity "compare_block" for hierarchy "compare_block:u_compare_block" File: C:/Document_forme/project_tiny/DO_TT/02_rtl/insertionSort.sv Line: 119
Info (286030): Timing-Driven Synthesis is running
Info (17049): 3 registers lost all their fanouts during netlist optimizations.
Info (16010): Generating hard_block partition "hard_block:auto_generated_inst"
    Info (16011): Adding 0 node(s), including 0 DDIO, 0 PLL, 0 transceiver and 0 LCELL
Info (21057): Implemented 377 device resources after synthesis - the final resource count might be different
    Info (21058): Implemented 43 input pins
    Info (21059): Implemented 41 output pins
    Info (21061): Implemented 293 logic cells
Info: Quartus Prime Analysis & Synthesis was successful. 0 errors, 1 warning
    Info: Peak virtual memory: 4840 megabytes
    Info: Processing ended: Thu Jul 24 10:59:48 2025
    Info: Elapsed time: 00:00:09
    Info: Total CPU time (on all processors): 00:00:22


